2016-05-02 17:51:43.703  INFO 8324 --- [restartedMain] com.wacajou.WacajouApplication           : Starting WacajouApplication on X-Strike-PC with PID 8324 (C:\Users\X-Strike\git\Wacajou\master\com\target\classes started by X-Strike in C:\Users\X-Strike\git\Wacajou\master\com)
2016-05-02 17:51:43.711  INFO 8324 --- [restartedMain] com.wacajou.WacajouApplication           : The following profiles are active: dblocal,one,dev
2016-05-02 17:51:43.794  INFO 8324 --- [restartedMain] ationConfigEmbeddedWebApplicationContext : Refreshing org.springframework.boot.context.embedded.AnnotationConfigEmbeddedWebApplicationContext@4b84f3db: startup date [Mon May 02 17:51:43 CEST 2016]; root of context hierarchy
2016-05-02 17:51:45.435  INFO 8324 --- [restartedMain] o.s.b.f.s.DefaultListableBeanFactory     : Overriding bean definition for bean 'beanNameViewResolver' with a different definition: replacing [Root bean: class [null]; scope=; abstract=false; lazyInit=false; autowireMode=3; dependencyCheck=0; autowireCandidate=true; primary=false; factoryBeanName=org.springframework.boot.autoconfigure.web.ErrorMvcAutoConfiguration$WhitelabelErrorViewConfiguration; factoryMethodName=beanNameViewResolver; initMethodName=null; destroyMethodName=(inferred); defined in class path resource [org/springframework/boot/autoconfigure/web/ErrorMvcAutoConfiguration$WhitelabelErrorViewConfiguration.class]] with [Root bean: class [null]; scope=; abstract=false; lazyInit=false; autowireMode=3; dependencyCheck=0; autowireCandidate=true; primary=false; factoryBeanName=org.springframework.boot.autoconfigure.web.WebMvcAutoConfiguration$WebMvcAutoConfigurationAdapter; factoryMethodName=beanNameViewResolver; initMethodName=null; destroyMethodName=(inferred); defined in class path resource [org/springframework/boot/autoconfigure/web/WebMvcAutoConfiguration$WebMvcAutoConfigurationAdapter.class]]
2016-05-02 17:51:46.226  INFO 8324 --- [restartedMain] trationDelegate$BeanPostProcessorChecker : Bean 'org.springframework.transaction.annotation.ProxyTransactionManagementConfiguration' of type [class org.springframework.transaction.annotation.ProxyTransactionManagementConfiguration$$EnhancerBySpringCGLIB$$af6dd880] is not eligible for getting processed by all BeanPostProcessors (for example: not eligible for auto-proxying)
2016-05-02 17:51:46.895  INFO 8324 --- [restartedMain] s.b.c.e.t.TomcatEmbeddedServletContainer : Tomcat initialized with port(s): 9001 (http)
2016-05-02 17:51:46.913  INFO 8324 --- [restartedMain] o.apache.catalina.core.StandardService   : Starting service Tomcat
2016-05-02 17:51:46.914  INFO 8324 --- [restartedMain] org.apache.catalina.core.StandardEngine  : Starting Servlet Engine: Apache Tomcat/8.0.32
2016-05-02 17:51:47.043  INFO 8324 --- [localhost-startStop-1] o.a.c.c.C.[Tomcat].[localhost].[/]       : Initializing Spring embedded WebApplicationContext
2016-05-02 17:51:47.043  INFO 8324 --- [localhost-startStop-1] o.s.web.context.ContextLoader            : Root WebApplicationContext: initialization completed in 3254 ms
2016-05-02 17:51:47.172  INFO 8324 --- [localhost-startStop-1] c.v.s.b.i.VaadinServletConfiguration     : Registering Vaadin servlet
2016-05-02 17:51:47.173  INFO 8324 --- [localhost-startStop-1] c.v.s.b.i.VaadinServletConfiguration     : Servlet will be mapped to URLs [/vaadinServlet/*, /VAADIN/*]
2016-05-02 17:51:47.192  INFO 8324 --- [localhost-startStop-1] c.v.s.b.i.VaadinServletConfiguration     : Setting servlet init parameters
2016-05-02 17:51:47.193  INFO 8324 --- [localhost-startStop-1] c.v.s.b.i.VaadinServletConfiguration     : Set servlet init parameter [productionMode] = [false]
2016-05-02 17:51:47.193  INFO 8324 --- [localhost-startStop-1] c.v.s.b.i.VaadinServletConfiguration     : Set servlet init parameter [resourceCacheTime] = [3600]
2016-05-02 17:51:47.193  INFO 8324 --- [localhost-startStop-1] c.v.s.b.i.VaadinServletConfiguration     : Set servlet init parameter [heartbeatInterval] = [300]
2016-05-02 17:51:47.193  INFO 8324 --- [localhost-startStop-1] c.v.s.b.i.VaadinServletConfiguration     : Set servlet init parameter [closeIdleSessions] = [false]
2016-05-02 17:51:47.473  INFO 8324 --- [localhost-startStop-1] o.s.b.c.e.ServletRegistrationBean        : Mapping servlet: 'dispatcherServlet' to [/]
2016-05-02 17:51:47.475  INFO 8324 --- [localhost-startStop-1] o.s.b.c.e.ServletRegistrationBean        : Mapping servlet: 'springVaadinServlet' to [/vaadinServlet/*, /VAADIN/*]
2016-05-02 17:51:47.479  INFO 8324 --- [localhost-startStop-1] o.s.b.c.embedded.FilterRegistrationBean  : Mapping filter: 'characterEncodingFilter' to: [/*]
2016-05-02 17:51:47.480  INFO 8324 --- [localhost-startStop-1] o.s.b.c.embedded.FilterRegistrationBean  : Mapping filter: 'hiddenHttpMethodFilter' to: [/*]
2016-05-02 17:51:47.480  INFO 8324 --- [localhost-startStop-1] o.s.b.c.embedded.FilterRegistrationBean  : Mapping filter: 'httpPutFormContentFilter' to: [/*]
2016-05-02 17:51:47.480  INFO 8324 --- [localhost-startStop-1] o.s.b.c.embedded.FilterRegistrationBean  : Mapping filter: 'requestContextFilter' to: [/*]
2016-05-02 17:51:48.016  INFO 8324 --- [restartedMain] j.LocalContainerEntityManagerFactoryBean : Building JPA container EntityManagerFactory for persistence unit 'default'
2016-05-02 17:51:48.032  INFO 8324 --- [restartedMain] o.hibernate.jpa.internal.util.LogHelper  : HHH000204: Processing PersistenceUnitInfo [
	name: default
	...]
2016-05-02 17:51:48.133  INFO 8324 --- [restartedMain] org.hibernate.Version                    : HHH000412: Hibernate Core {4.3.11.Final}
2016-05-02 17:51:48.136  INFO 8324 --- [restartedMain] org.hibernate.cfg.Environment            : HHH000206: hibernate.properties not found
2016-05-02 17:51:48.138  INFO 8324 --- [restartedMain] org.hibernate.cfg.Environment            : HHH000021: Bytecode provider name : javassist
2016-05-02 17:51:48.406  INFO 8324 --- [restartedMain] o.hibernate.annotations.common.Version   : HCANN000001: Hibernate Commons Annotations {4.0.5.Final}
2016-05-02 17:51:48.639  INFO 8324 --- [restartedMain] org.hibernate.dialect.Dialect            : HHH000400: Using dialect: org.hibernate.dialect.MySQL5Dialect
2016-05-02 17:51:48.821  INFO 8324 --- [restartedMain] o.h.h.i.ast.ASTQueryTranslatorFactory    : HHH000397: Using ASTQueryTranslatorFactory
2016-05-02 17:51:50.141  INFO 8324 --- [restartedMain] s.w.s.m.m.a.RequestMappingHandlerAdapter : Looking for @ControllerAdvice: org.springframework.boot.context.embedded.AnnotationConfigEmbeddedWebApplicationContext@4b84f3db: startup date [Mon May 02 17:51:43 CEST 2016]; root of context hierarchy
2016-05-02 17:51:50.244  INFO 8324 --- [restartedMain] s.w.s.m.m.a.RequestMappingHandlerMapping : Mapped "{[/error]}" onto public org.springframework.http.ResponseEntity<java.util.Map<java.lang.String, java.lang.Object>> org.springframework.boot.autoconfigure.web.BasicErrorController.error(javax.servlet.http.HttpServletRequest)
2016-05-02 17:51:50.245  INFO 8324 --- [restartedMain] s.w.s.m.m.a.RequestMappingHandlerMapping : Mapped "{[/error],produces=[text/html]}" onto public org.springframework.web.servlet.ModelAndView org.springframework.boot.autoconfigure.web.BasicErrorController.errorHtml(javax.servlet.http.HttpServletRequest,javax.servlet.http.HttpServletResponse)
2016-05-02 17:51:50.285  INFO 8324 --- [restartedMain] o.s.w.s.handler.SimpleUrlHandlerMapping  : Mapped URL path [/webjars/**] onto handler of type [class org.springframework.web.servlet.resource.ResourceHttpRequestHandler]
2016-05-02 17:51:50.286  INFO 8324 --- [restartedMain] o.s.w.s.handler.SimpleUrlHandlerMapping  : Mapped URL path [/**] onto handler of type [class org.springframework.web.servlet.resource.ResourceHttpRequestHandler]
2016-05-02 17:51:50.332  INFO 8324 --- [restartedMain] o.s.w.s.handler.SimpleUrlHandlerMapping  : Mapped URL path [/**/favicon.ico] onto handler of type [class org.springframework.web.servlet.resource.ResourceHttpRequestHandler]
2016-05-02 17:51:50.356  INFO 8324 --- [restartedMain] c.v.s.b.i.VaadinServletConfiguration     : Checking the application context for Vaadin UI mappings
2016-05-02 17:51:50.359  INFO 8324 --- [restartedMain] c.v.s.b.i.VaadinServletConfiguration     : Registering Vaadin servlet of type [com.vaadin.spring.server.SpringVaadinServlet]
2016-05-02 17:51:50.368  INFO 8324 --- [restartedMain] c.v.s.b.i.VaadinServletConfiguration     : Forwarding @SpringUI URLs from {/=org.springframework.web.servlet.mvc.ServletForwardingController@3fa6c1a7}
2016-05-02 17:51:50.369  INFO 8324 --- [restartedMain] o.s.w.s.handler.SimpleUrlHandlerMapping  : Root mapping to handler of type [class org.springframework.web.servlet.mvc.ServletForwardingController]
2016-05-02 17:51:50.376  INFO 8324 --- [restartedMain] c.v.spring.navigator.SpringViewProvider  : Looking up SpringViews
2016-05-02 17:51:50.379  WARN 8324 --- [restartedMain] c.v.spring.navigator.SpringViewProvider  : No SpringViews found
2016-05-02 17:51:50.624  INFO 8324 --- [restartedMain] o.s.b.d.a.OptionalLiveReloadServer       : LiveReload server is running on port 35729
2016-05-02 17:51:50.746  INFO 8324 --- [restartedMain] o.s.j.e.a.AnnotationMBeanExporter        : Registering beans for JMX exposure on startup
2016-05-02 17:51:50.836  INFO 8324 --- [restartedMain] s.b.c.e.t.TomcatEmbeddedServletContainer : Tomcat started on port(s): 9001 (http)
2016-05-02 17:51:50.843  INFO 8324 --- [restartedMain] com.wacajou.WacajouApplication           : Started WacajouApplication in 7.877 seconds (JVM running for 8.488)
2016-05-02 17:53:45.747  INFO 9100 --- [restartedMain] com.wacajou.WacajouApplication           : Starting WacajouApplication on X-Strike-PC with PID 9100 (C:\Users\X-Strike\git\Wacajou\master\com\target\classes started by X-Strike in C:\Users\X-Strike\git\Wacajou\master\com)
2016-05-02 17:53:45.760  INFO 9100 --- [restartedMain] com.wacajou.WacajouApplication           : The following profiles are active: dblocal,one,dev
2016-05-02 17:53:45.820  INFO 9100 --- [restartedMain] ationConfigEmbeddedWebApplicationContext : Refreshing org.springframework.boot.context.embedded.AnnotationConfigEmbeddedWebApplicationContext@13f3e72: startup date [Mon May 02 17:53:45 CEST 2016]; root of context hierarchy
2016-05-02 17:53:47.661  INFO 9100 --- [restartedMain] o.s.b.f.s.DefaultListableBeanFactory     : Overriding bean definition for bean 'beanNameViewResolver' with a different definition: replacing [Root bean: class [null]; scope=; abstract=false; lazyInit=false; autowireMode=3; dependencyCheck=0; autowireCandidate=true; primary=false; factoryBeanName=org.springframework.boot.autoconfigure.web.ErrorMvcAutoConfiguration$WhitelabelErrorViewConfiguration; factoryMethodName=beanNameViewResolver; initMethodName=null; destroyMethodName=(inferred); defined in class path resource [org/springframework/boot/autoconfigure/web/ErrorMvcAutoConfiguration$WhitelabelErrorViewConfiguration.class]] with [Root bean: class [null]; scope=; abstract=false; lazyInit=false; autowireMode=3; dependencyCheck=0; autowireCandidate=true; primary=false; factoryBeanName=org.springframework.boot.autoconfigure.web.WebMvcAutoConfiguration$WebMvcAutoConfigurationAdapter; factoryMethodName=beanNameViewResolver; initMethodName=null; destroyMethodName=(inferred); defined in class path resource [org/springframework/boot/autoconfigure/web/WebMvcAutoConfiguration$WebMvcAutoConfigurationAdapter.class]]
2016-05-02 17:53:48.584  INFO 9100 --- [restartedMain] trationDelegate$BeanPostProcessorChecker : Bean 'org.springframework.transaction.annotation.ProxyTransactionManagementConfiguration' of type [class org.springframework.transaction.annotation.ProxyTransactionManagementConfiguration$$EnhancerBySpringCGLIB$$1bfe43b8] is not eligible for getting processed by all BeanPostProcessors (for example: not eligible for auto-proxying)
2016-05-02 17:53:49.130  INFO 9100 --- [restartedMain] s.b.c.e.t.TomcatEmbeddedServletContainer : Tomcat initialized with port(s): 9001 (http)
2016-05-02 17:53:49.147  INFO 9100 --- [restartedMain] o.apache.catalina.core.StandardService   : Starting service Tomcat
2016-05-02 17:53:49.149  INFO 9100 --- [restartedMain] org.apache.catalina.core.StandardEngine  : Starting Servlet Engine: Apache Tomcat/8.0.32
2016-05-02 17:53:49.277  INFO 9100 --- [localhost-startStop-1] o.a.c.c.C.[Tomcat].[localhost].[/]       : Initializing Spring embedded WebApplicationContext
2016-05-02 17:53:49.277  INFO 9100 --- [localhost-startStop-1] o.s.web.context.ContextLoader            : Root WebApplicationContext: initialization completed in 3461 ms
2016-05-02 17:53:49.383  INFO 9100 --- [localhost-startStop-1] c.v.s.b.i.VaadinServletConfiguration     : Registering Vaadin servlet
2016-05-02 17:53:49.384  INFO 9100 --- [localhost-startStop-1] c.v.s.b.i.VaadinServletConfiguration     : Servlet will be mapped to URLs [/vaadinServlet/*, /VAADIN/*]
2016-05-02 17:53:49.402  INFO 9100 --- [localhost-startStop-1] c.v.s.b.i.VaadinServletConfiguration     : Setting servlet init parameters
2016-05-02 17:53:49.403  INFO 9100 --- [localhost-startStop-1] c.v.s.b.i.VaadinServletConfiguration     : Set servlet init parameter [productionMode] = [false]
2016-05-02 17:53:49.403  INFO 9100 --- [localhost-startStop-1] c.v.s.b.i.VaadinServletConfiguration     : Set servlet init parameter [resourceCacheTime] = [3600]
2016-05-02 17:53:49.403  INFO 9100 --- [localhost-startStop-1] c.v.s.b.i.VaadinServletConfiguration     : Set servlet init parameter [heartbeatInterval] = [300]
2016-05-02 17:53:49.403  INFO 9100 --- [localhost-startStop-1] c.v.s.b.i.VaadinServletConfiguration     : Set servlet init parameter [closeIdleSessions] = [false]
2016-05-02 17:53:49.750  INFO 9100 --- [localhost-startStop-1] o.s.b.c.e.ServletRegistrationBean        : Mapping servlet: 'dispatcherServlet' to [/]
2016-05-02 17:53:49.753  INFO 9100 --- [localhost-startStop-1] o.s.b.c.e.ServletRegistrationBean        : Mapping servlet: 'springVaadinServlet' to [/vaadinServlet/*, /VAADIN/*]
2016-05-02 17:53:49.758  INFO 9100 --- [localhost-startStop-1] o.s.b.c.embedded.FilterRegistrationBean  : Mapping filter: 'characterEncodingFilter' to: [/*]
2016-05-02 17:53:49.759  INFO 9100 --- [localhost-startStop-1] o.s.b.c.embedded.FilterRegistrationBean  : Mapping filter: 'hiddenHttpMethodFilter' to: [/*]
2016-05-02 17:53:49.759  INFO 9100 --- [localhost-startStop-1] o.s.b.c.embedded.FilterRegistrationBean  : Mapping filter: 'httpPutFormContentFilter' to: [/*]
2016-05-02 17:53:49.759  INFO 9100 --- [localhost-startStop-1] o.s.b.c.embedded.FilterRegistrationBean  : Mapping filter: 'requestContextFilter' to: [/*]
2016-05-02 17:53:50.430  INFO 9100 --- [restartedMain] j.LocalContainerEntityManagerFactoryBean : Building JPA container EntityManagerFactory for persistence unit 'default'
2016-05-02 17:53:50.481  INFO 9100 --- [restartedMain] o.hibernate.jpa.internal.util.LogHelper  : HHH000204: Processing PersistenceUnitInfo [
	name: default
	...]
2016-05-02 17:53:50.642  INFO 9100 --- [restartedMain] org.hibernate.Version                    : HHH000412: Hibernate Core {4.3.11.Final}
2016-05-02 17:53:50.645  INFO 9100 --- [restartedMain] org.hibernate.cfg.Environment            : HHH000206: hibernate.properties not found
2016-05-02 17:53:50.647  INFO 9100 --- [restartedMain] org.hibernate.cfg.Environment            : HHH000021: Bytecode provider name : javassist
2016-05-02 17:53:50.944  INFO 9100 --- [restartedMain] o.hibernate.annotations.common.Version   : HCANN000001: Hibernate Commons Annotations {4.0.5.Final}
2016-05-02 17:53:51.181  INFO 9100 --- [restartedMain] org.hibernate.dialect.Dialect            : HHH000400: Using dialect: org.hibernate.dialect.MySQL5Dialect
2016-05-02 17:53:51.389  INFO 9100 --- [restartedMain] o.h.h.i.ast.ASTQueryTranslatorFactory    : HHH000397: Using ASTQueryTranslatorFactory
2016-05-02 17:53:53.049  INFO 9100 --- [restartedMain] s.w.s.m.m.a.RequestMappingHandlerAdapter : Looking for @ControllerAdvice: org.springframework.boot.context.embedded.AnnotationConfigEmbeddedWebApplicationContext@13f3e72: startup date [Mon May 02 17:53:45 CEST 2016]; root of context hierarchy
2016-05-02 17:53:53.163  INFO 9100 --- [restartedMain] s.w.s.m.m.a.RequestMappingHandlerMapping : Mapped "{[/error]}" onto public org.springframework.http.ResponseEntity<java.util.Map<java.lang.String, java.lang.Object>> org.springframework.boot.autoconfigure.web.BasicErrorController.error(javax.servlet.http.HttpServletRequest)
2016-05-02 17:53:53.165  INFO 9100 --- [restartedMain] s.w.s.m.m.a.RequestMappingHandlerMapping : Mapped "{[/error],produces=[text/html]}" onto public org.springframework.web.servlet.ModelAndView org.springframework.boot.autoconfigure.web.BasicErrorController.errorHtml(javax.servlet.http.HttpServletRequest,javax.servlet.http.HttpServletResponse)
2016-05-02 17:53:53.222  INFO 9100 --- [restartedMain] o.s.w.s.handler.SimpleUrlHandlerMapping  : Mapped URL path [/webjars/**] onto handler of type [class org.springframework.web.servlet.resource.ResourceHttpRequestHandler]
2016-05-02 17:53:53.223  INFO 9100 --- [restartedMain] o.s.w.s.handler.SimpleUrlHandlerMapping  : Mapped URL path [/**] onto handler of type [class org.springframework.web.servlet.resource.ResourceHttpRequestHandler]
2016-05-02 17:53:53.282  INFO 9100 --- [restartedMain] o.s.w.s.handler.SimpleUrlHandlerMapping  : Mapped URL path [/**/favicon.ico] onto handler of type [class org.springframework.web.servlet.resource.ResourceHttpRequestHandler]
2016-05-02 17:53:53.306  INFO 9100 --- [restartedMain] c.v.s.b.i.VaadinServletConfiguration     : Checking the application context for Vaadin UI mappings
2016-05-02 17:53:53.309  INFO 9100 --- [restartedMain] c.v.s.b.i.VaadinServletConfiguration     : Registering Vaadin servlet of type [com.vaadin.spring.server.SpringVaadinServlet]
2016-05-02 17:53:53.318  INFO 9100 --- [restartedMain] c.v.s.b.i.VaadinServletConfiguration     : Forwarding @SpringUI URLs from {/=org.springframework.web.servlet.mvc.ServletForwardingController@7b65973}
2016-05-02 17:53:53.320  INFO 9100 --- [restartedMain] o.s.w.s.handler.SimpleUrlHandlerMapping  : Root mapping to handler of type [class org.springframework.web.servlet.mvc.ServletForwardingController]
2016-05-02 17:53:53.326  INFO 9100 --- [restartedMain] c.v.spring.navigator.SpringViewProvider  : Looking up SpringViews
2016-05-02 17:53:53.329  WARN 9100 --- [restartedMain] c.v.spring.navigator.SpringViewProvider  : No SpringViews found
2016-05-02 17:53:53.588  WARN 9100 --- [restartedMain] o.s.b.d.a.OptionalLiveReloadServer       : Unable to start LiveReload server
2016-05-02 17:53:53.719  INFO 9100 --- [restartedMain] o.s.j.e.a.AnnotationMBeanExporter        : Registering beans for JMX exposure on startup
2016-05-02 17:53:53.777 ERROR 9100 --- [restartedMain] o.a.coyote.http11.Http11NioProtocol      : Failed to start end point associated with ProtocolHandler ["http-nio-9001"]

java.net.BindException: Address already in use: bind
	at sun.nio.ch.Net.bind0(Native Method) ~[na:1.8.0_51]
	at sun.nio.ch.Net.bind(Net.java:437) ~[na:1.8.0_51]
	at sun.nio.ch.Net.bind(Net.java:429) ~[na:1.8.0_51]
	at sun.nio.ch.ServerSocketChannelImpl.bind(ServerSocketChannelImpl.java:223) ~[na:1.8.0_51]
	at sun.nio.ch.ServerSocketAdaptor.bind(ServerSocketAdaptor.java:74) ~[na:1.8.0_51]
	at org.apache.tomcat.util.net.NioEndpoint.bind(NioEndpoint.java:340) ~[tomcat-embed-core-8.0.32.jar:8.0.32]
	at org.apache.tomcat.util.net.AbstractEndpoint.start(AbstractEndpoint.java:765) ~[tomcat-embed-core-8.0.32.jar:8.0.32]
	at org.apache.coyote.AbstractProtocol.start(AbstractProtocol.java:473) ~[tomcat-embed-core-8.0.32.jar:8.0.32]
	at org.apache.catalina.connector.Connector.startInternal(Connector.java:986) [tomcat-embed-core-8.0.32.jar:8.0.32]
	at org.apache.catalina.util.LifecycleBase.start(LifecycleBase.java:147) [tomcat-embed-core-8.0.32.jar:8.0.32]
	at org.apache.catalina.core.StandardService.addConnector(StandardService.java:239) [tomcat-embed-core-8.0.32.jar:8.0.32]
	at org.springframework.boot.context.embedded.tomcat.TomcatEmbeddedServletContainer.addPreviouslyRemovedConnectors(TomcatEmbeddedServletContainer.java:194) [spring-boot-1.3.3.RELEASE.jar:1.3.3.RELEASE]
	at org.springframework.boot.context.embedded.tomcat.TomcatEmbeddedServletContainer.start(TomcatEmbeddedServletContainer.java:151) [spring-boot-1.3.3.RELEASE.jar:1.3.3.RELEASE]
	at org.springframework.boot.context.embedded.EmbeddedWebApplicationContext.startEmbeddedServletContainer(EmbeddedWebApplicationContext.java:293) [spring-boot-1.3.3.RELEASE.jar:1.3.3.RELEASE]
	at org.springframework.boot.context.embedded.EmbeddedWebApplicationContext.finishRefresh(EmbeddedWebApplicationContext.java:141) [spring-boot-1.3.3.RELEASE.jar:1.3.3.RELEASE]
	at org.springframework.context.support.AbstractApplicationContext.refresh(AbstractApplicationContext.java:541) [spring-context-4.2.5.RELEASE.jar:4.2.5.RELEASE]
	at org.springframework.boot.context.embedded.EmbeddedWebApplicationContext.refresh(EmbeddedWebApplicationContext.java:118) [spring-boot-1.3.3.RELEASE.jar:1.3.3.RELEASE]
	at org.springframework.boot.SpringApplication.refresh(SpringApplication.java:766) [spring-boot-1.3.3.RELEASE.jar:1.3.3.RELEASE]
	at org.springframework.boot.SpringApplication.createAndRefreshContext(SpringApplication.java:361) [spring-boot-1.3.3.RELEASE.jar:1.3.3.RELEASE]
	at org.springframework.boot.SpringApplication.run(SpringApplication.java:307) [spring-boot-1.3.3.RELEASE.jar:1.3.3.RELEASE]
	at org.springframework.boot.SpringApplication.run(SpringApplication.java:1191) [spring-boot-1.3.3.RELEASE.jar:1.3.3.RELEASE]
	at org.springframework.boot.SpringApplication.run(SpringApplication.java:1180) [spring-boot-1.3.3.RELEASE.jar:1.3.3.RELEASE]
	at com.wacajou.WacajouApplication.main(WacajouApplication.java:26) [classes/:na]
	at sun.reflect.NativeMethodAccessorImpl.invoke0(Native Method) ~[na:1.8.0_51]
	at sun.reflect.NativeMethodAccessorImpl.invoke(NativeMethodAccessorImpl.java:62) ~[na:1.8.0_51]
	at sun.reflect.DelegatingMethodAccessorImpl.invoke(DelegatingMethodAccessorImpl.java:43) ~[na:1.8.0_51]
	at java.lang.reflect.Method.invoke(Method.java:497) ~[na:1.8.0_51]
	at org.springframework.boot.devtools.restart.RestartLauncher.run(RestartLauncher.java:49) [spring-boot-devtools-1.3.3.RELEASE.jar:1.3.3.RELEASE]

2016-05-02 17:53:53.780 ERROR 9100 --- [restartedMain] o.apache.catalina.core.StandardService   : Failed to start connector [Connector[HTTP/1.1-9001]]

org.apache.catalina.LifecycleException: Failed to start component [Connector[HTTP/1.1-9001]]
	at org.apache.catalina.util.LifecycleBase.start(LifecycleBase.java:153) ~[tomcat-embed-core-8.0.32.jar:8.0.32]
	at org.apache.catalina.core.StandardService.addConnector(StandardService.java:239) ~[tomcat-embed-core-8.0.32.jar:8.0.32]
	at org.springframework.boot.context.embedded.tomcat.TomcatEmbeddedServletContainer.addPreviouslyRemovedConnectors(TomcatEmbeddedServletContainer.java:194) [spring-boot-1.3.3.RELEASE.jar:1.3.3.RELEASE]
	at org.springframework.boot.context.embedded.tomcat.TomcatEmbeddedServletContainer.start(TomcatEmbeddedServletContainer.java:151) [spring-boot-1.3.3.RELEASE.jar:1.3.3.RELEASE]
	at org.springframework.boot.context.embedded.EmbeddedWebApplicationContext.startEmbeddedServletContainer(EmbeddedWebApplicationContext.java:293) [spring-boot-1.3.3.RELEASE.jar:1.3.3.RELEASE]
	at org.springframework.boot.context.embedded.EmbeddedWebApplicationContext.finishRefresh(EmbeddedWebApplicationContext.java:141) [spring-boot-1.3.3.RELEASE.jar:1.3.3.RELEASE]
	at org.springframework.context.support.AbstractApplicationContext.refresh(AbstractApplicationContext.java:541) [spring-context-4.2.5.RELEASE.jar:4.2.5.RELEASE]
	at org.springframework.boot.context.embedded.EmbeddedWebApplicationContext.refresh(EmbeddedWebApplicationContext.java:118) [spring-boot-1.3.3.RELEASE.jar:1.3.3.RELEASE]
	at org.springframework.boot.SpringApplication.refresh(SpringApplication.java:766) [spring-boot-1.3.3.RELEASE.jar:1.3.3.RELEASE]
	at org.springframework.boot.SpringApplication.createAndRefreshContext(SpringApplication.java:361) [spring-boot-1.3.3.RELEASE.jar:1.3.3.RELEASE]
	at org.springframework.boot.SpringApplication.run(SpringApplication.java:307) [spring-boot-1.3.3.RELEASE.jar:1.3.3.RELEASE]
	at org.springframework.boot.SpringApplication.run(SpringApplication.java:1191) [spring-boot-1.3.3.RELEASE.jar:1.3.3.RELEASE]
	at org.springframework.boot.SpringApplication.run(SpringApplication.java:1180) [spring-boot-1.3.3.RELEASE.jar:1.3.3.RELEASE]
	at com.wacajou.WacajouApplication.main(WacajouApplication.java:26) [classes/:na]
	at sun.reflect.NativeMethodAccessorImpl.invoke0(Native Method) ~[na:1.8.0_51]
	at sun.reflect.NativeMethodAccessorImpl.invoke(NativeMethodAccessorImpl.java:62) ~[na:1.8.0_51]
	at sun.reflect.DelegatingMethodAccessorImpl.invoke(DelegatingMethodAccessorImpl.java:43) ~[na:1.8.0_51]
	at java.lang.reflect.Method.invoke(Method.java:497) ~[na:1.8.0_51]
	at org.springframework.boot.devtools.restart.RestartLauncher.run(RestartLauncher.java:49) [spring-boot-devtools-1.3.3.RELEASE.jar:1.3.3.RELEASE]
Caused by: org.apache.catalina.LifecycleException: service.getName(): "Tomcat";  Protocol handler start failed
	at org.apache.catalina.connector.Connector.startInternal(Connector.java:993) ~[tomcat-embed-core-8.0.32.jar:8.0.32]
	at org.apache.catalina.util.LifecycleBase.start(LifecycleBase.java:147) ~[tomcat-embed-core-8.0.32.jar:8.0.32]
	... 18 common frames omitted
Caused by: java.net.BindException: Address already in use: bind
	at sun.nio.ch.Net.bind0(Native Method) ~[na:1.8.0_51]
	at sun.nio.ch.Net.bind(Net.java:437) ~[na:1.8.0_51]
	at sun.nio.ch.Net.bind(Net.java:429) ~[na:1.8.0_51]
	at sun.nio.ch.ServerSocketChannelImpl.bind(ServerSocketChannelImpl.java:223) ~[na:1.8.0_51]
	at sun.nio.ch.ServerSocketAdaptor.bind(ServerSocketAdaptor.java:74) ~[na:1.8.0_51]
	at org.apache.tomcat.util.net.NioEndpoint.bind(NioEndpoint.java:340) ~[tomcat-embed-core-8.0.32.jar:8.0.32]
	at org.apache.tomcat.util.net.AbstractEndpoint.start(AbstractEndpoint.java:765) ~[tomcat-embed-core-8.0.32.jar:8.0.32]
	at org.apache.coyote.AbstractProtocol.start(AbstractProtocol.java:473) ~[tomcat-embed-core-8.0.32.jar:8.0.32]
	at org.apache.catalina.connector.Connector.startInternal(Connector.java:986) ~[tomcat-embed-core-8.0.32.jar:8.0.32]
	... 19 common frames omitted

2016-05-02 17:53:53.789  INFO 9100 --- [restartedMain] o.apache.catalina.core.StandardService   : Stopping service Tomcat
2016-05-02 17:53:53.804 ERROR 9100 --- [restartedMain] o.s.boot.SpringApplication               : Application startup failed

org.springframework.boot.context.embedded.EmbeddedServletContainerException: Unable to start embedded Tomcat servlet container
	at org.springframework.boot.context.embedded.tomcat.TomcatEmbeddedServletContainer.start(TomcatEmbeddedServletContainer.java:165) ~[spring-boot-1.3.3.RELEASE.jar:1.3.3.RELEASE]
	at org.springframework.boot.context.embedded.EmbeddedWebApplicationContext.startEmbeddedServletContainer(EmbeddedWebApplicationContext.java:293) ~[spring-boot-1.3.3.RELEASE.jar:1.3.3.RELEASE]
	at org.springframework.boot.context.embedded.EmbeddedWebApplicationContext.finishRefresh(EmbeddedWebApplicationContext.java:141) ~[spring-boot-1.3.3.RELEASE.jar:1.3.3.RELEASE]
	at org.springframework.context.support.AbstractApplicationContext.refresh(AbstractApplicationContext.java:541) ~[spring-context-4.2.5.RELEASE.jar:4.2.5.RELEASE]
	at org.springframework.boot.context.embedded.EmbeddedWebApplicationContext.refresh(EmbeddedWebApplicationContext.java:118) ~[spring-boot-1.3.3.RELEASE.jar:1.3.3.RELEASE]
	at org.springframework.boot.SpringApplication.refresh(SpringApplication.java:766) [spring-boot-1.3.3.RELEASE.jar:1.3.3.RELEASE]
	at org.springframework.boot.SpringApplication.createAndRefreshContext(SpringApplication.java:361) [spring-boot-1.3.3.RELEASE.jar:1.3.3.RELEASE]
	at org.springframework.boot.SpringApplication.run(SpringApplication.java:307) [spring-boot-1.3.3.RELEASE.jar:1.3.3.RELEASE]
	at org.springframework.boot.SpringApplication.run(SpringApplication.java:1191) [spring-boot-1.3.3.RELEASE.jar:1.3.3.RELEASE]
	at org.springframework.boot.SpringApplication.run(SpringApplication.java:1180) [spring-boot-1.3.3.RELEASE.jar:1.3.3.RELEASE]
	at com.wacajou.WacajouApplication.main(WacajouApplication.java:26) [classes/:na]
	at sun.reflect.NativeMethodAccessorImpl.invoke0(Native Method) ~[na:1.8.0_51]
	at sun.reflect.NativeMethodAccessorImpl.invoke(NativeMethodAccessorImpl.java:62) ~[na:1.8.0_51]
	at sun.reflect.DelegatingMethodAccessorImpl.invoke(DelegatingMethodAccessorImpl.java:43) ~[na:1.8.0_51]
	at java.lang.reflect.Method.invoke(Method.java:497) ~[na:1.8.0_51]
	at org.springframework.boot.devtools.restart.RestartLauncher.run(RestartLauncher.java:49) [spring-boot-devtools-1.3.3.RELEASE.jar:1.3.3.RELEASE]
Caused by: java.lang.IllegalStateException: Tomcat connector in failed state
	at org.springframework.boot.context.embedded.tomcat.TomcatEmbeddedServletContainer.start(TomcatEmbeddedServletContainer.java:159) ~[spring-boot-1.3.3.RELEASE.jar:1.3.3.RELEASE]
	... 15 common frames omitted

2016-05-02 17:53:53.809  INFO 9100 --- [restartedMain] .b.l.ClasspathLoggingApplicationListener : Application failed to start with classpath: [file:/C:/Users/X-Strike/git/Wacajou/master/com/target/classes/, file:/C:/Users/X-Strike/git/Wacajou/master/data/target/classes/]
2016-05-02 17:54:19.755  INFO 11120 --- [restartedMain] com.wacajou.WacajouApplication           : Starting WacajouApplication on X-Strike-PC with PID 11120 (C:\Users\X-Strike\git\Wacajou\master\com\target\classes started by X-Strike in C:\Users\X-Strike\git\Wacajou\master\com)
2016-05-02 17:54:19.760  INFO 11120 --- [restartedMain] com.wacajou.WacajouApplication           : The following profiles are active: dblocal,one,dev
2016-05-02 17:54:19.812  INFO 11120 --- [restartedMain] ationConfigEmbeddedWebApplicationContext : Refreshing org.springframework.boot.context.embedded.AnnotationConfigEmbeddedWebApplicationContext@659e9415: startup date [Mon May 02 17:54:19 CEST 2016]; root of context hierarchy
2016-05-02 17:54:21.570  INFO 11120 --- [restartedMain] o.s.b.f.s.DefaultListableBeanFactory     : Overriding bean definition for bean 'beanNameViewResolver' with a different definition: replacing [Root bean: class [null]; scope=; abstract=false; lazyInit=false; autowireMode=3; dependencyCheck=0; autowireCandidate=true; primary=false; factoryBeanName=org.springframework.boot.autoconfigure.web.ErrorMvcAutoConfiguration$WhitelabelErrorViewConfiguration; factoryMethodName=beanNameViewResolver; initMethodName=null; destroyMethodName=(inferred); defined in class path resource [org/springframework/boot/autoconfigure/web/ErrorMvcAutoConfiguration$WhitelabelErrorViewConfiguration.class]] with [Root bean: class [null]; scope=; abstract=false; lazyInit=false; autowireMode=3; dependencyCheck=0; autowireCandidate=true; primary=false; factoryBeanName=org.springframework.boot.autoconfigure.web.WebMvcAutoConfiguration$WebMvcAutoConfigurationAdapter; factoryMethodName=beanNameViewResolver; initMethodName=null; destroyMethodName=(inferred); defined in class path resource [org/springframework/boot/autoconfigure/web/WebMvcAutoConfiguration$WebMvcAutoConfigurationAdapter.class]]
2016-05-02 17:54:22.289  INFO 11120 --- [restartedMain] trationDelegate$BeanPostProcessorChecker : Bean 'org.springframework.transaction.annotation.ProxyTransactionManagementConfiguration' of type [class org.springframework.transaction.annotation.ProxyTransactionManagementConfiguration$$EnhancerBySpringCGLIB$$e79a21a3] is not eligible for getting processed by all BeanPostProcessors (for example: not eligible for auto-proxying)
2016-05-02 17:54:22.861  INFO 11120 --- [restartedMain] s.b.c.e.t.TomcatEmbeddedServletContainer : Tomcat initialized with port(s): 9001 (http)
2016-05-02 17:54:22.876  INFO 11120 --- [restartedMain] o.apache.catalina.core.StandardService   : Starting service Tomcat
2016-05-02 17:54:22.876  INFO 11120 --- [restartedMain] org.apache.catalina.core.StandardEngine  : Starting Servlet Engine: Apache Tomcat/8.0.32
2016-05-02 17:54:23.027  INFO 11120 --- [localhost-startStop-1] o.a.c.c.C.[Tomcat].[localhost].[/]       : Initializing Spring embedded WebApplicationContext
2016-05-02 17:54:23.027  INFO 11120 --- [localhost-startStop-1] o.s.web.context.ContextLoader            : Root WebApplicationContext: initialization completed in 3218 ms
2016-05-02 17:54:23.139  INFO 11120 --- [localhost-startStop-1] c.v.s.b.i.VaadinServletConfiguration     : Registering Vaadin servlet
2016-05-02 17:54:23.140  INFO 11120 --- [localhost-startStop-1] c.v.s.b.i.VaadinServletConfiguration     : Servlet will be mapped to URLs [/vaadinServlet/*, /VAADIN/*]
2016-05-02 17:54:23.157  INFO 11120 --- [localhost-startStop-1] c.v.s.b.i.VaadinServletConfiguration     : Setting servlet init parameters
2016-05-02 17:54:23.157  INFO 11120 --- [localhost-startStop-1] c.v.s.b.i.VaadinServletConfiguration     : Set servlet init parameter [productionMode] = [false]
2016-05-02 17:54:23.157  INFO 11120 --- [localhost-startStop-1] c.v.s.b.i.VaadinServletConfiguration     : Set servlet init parameter [resourceCacheTime] = [3600]
2016-05-02 17:54:23.157  INFO 11120 --- [localhost-startStop-1] c.v.s.b.i.VaadinServletConfiguration     : Set servlet init parameter [heartbeatInterval] = [300]
2016-05-02 17:54:23.158  INFO 11120 --- [localhost-startStop-1] c.v.s.b.i.VaadinServletConfiguration     : Set servlet init parameter [closeIdleSessions] = [false]
2016-05-02 17:54:23.420  INFO 11120 --- [localhost-startStop-1] o.s.b.c.e.ServletRegistrationBean        : Mapping servlet: 'dispatcherServlet' to [/]
2016-05-02 17:54:23.422  INFO 11120 --- [localhost-startStop-1] o.s.b.c.e.ServletRegistrationBean        : Mapping servlet: 'springVaadinServlet' to [/vaadinServlet/*, /VAADIN/*]
2016-05-02 17:54:23.425  INFO 11120 --- [localhost-startStop-1] o.s.b.c.embedded.FilterRegistrationBean  : Mapping filter: 'characterEncodingFilter' to: [/*]
2016-05-02 17:54:23.426  INFO 11120 --- [localhost-startStop-1] o.s.b.c.embedded.FilterRegistrationBean  : Mapping filter: 'hiddenHttpMethodFilter' to: [/*]
2016-05-02 17:54:23.426  INFO 11120 --- [localhost-startStop-1] o.s.b.c.embedded.FilterRegistrationBean  : Mapping filter: 'httpPutFormContentFilter' to: [/*]
2016-05-02 17:54:23.426  INFO 11120 --- [localhost-startStop-1] o.s.b.c.embedded.FilterRegistrationBean  : Mapping filter: 'requestContextFilter' to: [/*]
2016-05-02 17:54:23.953  INFO 11120 --- [restartedMain] j.LocalContainerEntityManagerFactoryBean : Building JPA container EntityManagerFactory for persistence unit 'default'
2016-05-02 17:54:23.968  INFO 11120 --- [restartedMain] o.hibernate.jpa.internal.util.LogHelper  : HHH000204: Processing PersistenceUnitInfo [
	name: default
	...]
2016-05-02 17:54:24.063  INFO 11120 --- [restartedMain] org.hibernate.Version                    : HHH000412: Hibernate Core {4.3.11.Final}
2016-05-02 17:54:24.064  INFO 11120 --- [restartedMain] org.hibernate.cfg.Environment            : HHH000206: hibernate.properties not found
2016-05-02 17:54:24.066  INFO 11120 --- [restartedMain] org.hibernate.cfg.Environment            : HHH000021: Bytecode provider name : javassist
2016-05-02 17:54:24.336  INFO 11120 --- [restartedMain] o.hibernate.annotations.common.Version   : HCANN000001: Hibernate Commons Annotations {4.0.5.Final}
2016-05-02 17:54:24.536  INFO 11120 --- [restartedMain] org.hibernate.dialect.Dialect            : HHH000400: Using dialect: org.hibernate.dialect.MySQL5Dialect
2016-05-02 17:54:24.772  INFO 11120 --- [restartedMain] o.h.h.i.ast.ASTQueryTranslatorFactory    : HHH000397: Using ASTQueryTranslatorFactory
2016-05-02 17:54:26.041  INFO 11120 --- [restartedMain] s.w.s.m.m.a.RequestMappingHandlerAdapter : Looking for @ControllerAdvice: org.springframework.boot.context.embedded.AnnotationConfigEmbeddedWebApplicationContext@659e9415: startup date [Mon May 02 17:54:19 CEST 2016]; root of context hierarchy
2016-05-02 17:54:26.128  INFO 11120 --- [restartedMain] s.w.s.m.m.a.RequestMappingHandlerMapping : Mapped "{[/error]}" onto public org.springframework.http.ResponseEntity<java.util.Map<java.lang.String, java.lang.Object>> org.springframework.boot.autoconfigure.web.BasicErrorController.error(javax.servlet.http.HttpServletRequest)
2016-05-02 17:54:26.130  INFO 11120 --- [restartedMain] s.w.s.m.m.a.RequestMappingHandlerMapping : Mapped "{[/error],produces=[text/html]}" onto public org.springframework.web.servlet.ModelAndView org.springframework.boot.autoconfigure.web.BasicErrorController.errorHtml(javax.servlet.http.HttpServletRequest,javax.servlet.http.HttpServletResponse)
2016-05-02 17:54:26.163  INFO 11120 --- [restartedMain] o.s.w.s.handler.SimpleUrlHandlerMapping  : Mapped URL path [/webjars/**] onto handler of type [class org.springframework.web.servlet.resource.ResourceHttpRequestHandler]
2016-05-02 17:54:26.163  INFO 11120 --- [restartedMain] o.s.w.s.handler.SimpleUrlHandlerMapping  : Mapped URL path [/**] onto handler of type [class org.springframework.web.servlet.resource.ResourceHttpRequestHandler]
2016-05-02 17:54:26.206  INFO 11120 --- [restartedMain] o.s.w.s.handler.SimpleUrlHandlerMapping  : Mapped URL path [/**/favicon.ico] onto handler of type [class org.springframework.web.servlet.resource.ResourceHttpRequestHandler]
2016-05-02 17:54:26.224  INFO 11120 --- [restartedMain] c.v.s.b.i.VaadinServletConfiguration     : Checking the application context for Vaadin UI mappings
2016-05-02 17:54:26.227  INFO 11120 --- [restartedMain] c.v.s.b.i.VaadinServletConfiguration     : Registering Vaadin servlet of type [com.vaadin.spring.server.SpringVaadinServlet]
2016-05-02 17:54:26.239  INFO 11120 --- [restartedMain] c.v.s.b.i.VaadinServletConfiguration     : Forwarding @SpringUI URLs from {/=org.springframework.web.servlet.mvc.ServletForwardingController@108266f0}
2016-05-02 17:54:26.240  INFO 11120 --- [restartedMain] o.s.w.s.handler.SimpleUrlHandlerMapping  : Root mapping to handler of type [class org.springframework.web.servlet.mvc.ServletForwardingController]
2016-05-02 17:54:26.247  INFO 11120 --- [restartedMain] c.v.spring.navigator.SpringViewProvider  : Looking up SpringViews
2016-05-02 17:54:26.250  WARN 11120 --- [restartedMain] c.v.spring.navigator.SpringViewProvider  : No SpringViews found
2016-05-02 17:54:26.491  INFO 11120 --- [restartedMain] o.s.b.d.a.OptionalLiveReloadServer       : LiveReload server is running on port 35729
2016-05-02 17:54:26.599  INFO 11120 --- [restartedMain] o.s.j.e.a.AnnotationMBeanExporter        : Registering beans for JMX exposure on startup
2016-05-02 17:54:26.671  INFO 11120 --- [restartedMain] s.b.c.e.t.TomcatEmbeddedServletContainer : Tomcat started on port(s): 9001 (http)
2016-05-02 17:54:26.677  INFO 11120 --- [restartedMain] com.wacajou.WacajouApplication           : Started WacajouApplication in 7.763 seconds (JVM running for 8.348)
2016-05-02 17:55:30.517  INFO 6176 --- [restartedMain] com.wacajou.WacajouApplication           : Starting WacajouApplication on X-Strike-PC with PID 6176 (C:\Users\X-Strike\git\Wacajou\master\com\target\classes started by X-Strike in C:\Users\X-Strike\git\Wacajou\master\com)
2016-05-02 17:55:30.525  INFO 6176 --- [restartedMain] com.wacajou.WacajouApplication           : The following profiles are active: dblocal,one,install,dev
2016-05-02 17:55:30.587  INFO 6176 --- [restartedMain] ationConfigEmbeddedWebApplicationContext : Refreshing org.springframework.boot.context.embedded.AnnotationConfigEmbeddedWebApplicationContext@39d8f8f5: startup date [Mon May 02 17:55:30 CEST 2016]; root of context hierarchy
2016-05-02 17:55:32.252  INFO 6176 --- [restartedMain] o.s.b.f.s.DefaultListableBeanFactory     : Overriding bean definition for bean 'beanNameViewResolver' with a different definition: replacing [Root bean: class [null]; scope=; abstract=false; lazyInit=false; autowireMode=3; dependencyCheck=0; autowireCandidate=true; primary=false; factoryBeanName=org.springframework.boot.autoconfigure.web.ErrorMvcAutoConfiguration$WhitelabelErrorViewConfiguration; factoryMethodName=beanNameViewResolver; initMethodName=null; destroyMethodName=(inferred); defined in class path resource [org/springframework/boot/autoconfigure/web/ErrorMvcAutoConfiguration$WhitelabelErrorViewConfiguration.class]] with [Root bean: class [null]; scope=; abstract=false; lazyInit=false; autowireMode=3; dependencyCheck=0; autowireCandidate=true; primary=false; factoryBeanName=org.springframework.boot.autoconfigure.web.WebMvcAutoConfiguration$WebMvcAutoConfigurationAdapter; factoryMethodName=beanNameViewResolver; initMethodName=null; destroyMethodName=(inferred); defined in class path resource [org/springframework/boot/autoconfigure/web/WebMvcAutoConfiguration$WebMvcAutoConfigurationAdapter.class]]
2016-05-02 17:55:33.016  INFO 6176 --- [restartedMain] trationDelegate$BeanPostProcessorChecker : Bean 'org.springframework.transaction.annotation.ProxyTransactionManagementConfiguration' of type [class org.springframework.transaction.annotation.ProxyTransactionManagementConfiguration$$EnhancerBySpringCGLIB$$ca854e7b] is not eligible for getting processed by all BeanPostProcessors (for example: not eligible for auto-proxying)
2016-05-02 17:55:33.807  INFO 6176 --- [restartedMain] s.b.c.e.t.TomcatEmbeddedServletContainer : Tomcat initialized with port(s): 9001 (http)
2016-05-02 17:55:33.824  INFO 6176 --- [restartedMain] o.apache.catalina.core.StandardService   : Starting service Tomcat
2016-05-02 17:55:33.825  INFO 6176 --- [restartedMain] org.apache.catalina.core.StandardEngine  : Starting Servlet Engine: Apache Tomcat/8.0.32
2016-05-02 17:55:33.943  INFO 6176 --- [localhost-startStop-1] o.a.c.c.C.[Tomcat].[localhost].[/]       : Initializing Spring embedded WebApplicationContext
2016-05-02 17:55:33.943  INFO 6176 --- [localhost-startStop-1] o.s.web.context.ContextLoader            : Root WebApplicationContext: initialization completed in 3360 ms
2016-05-02 17:55:34.069  INFO 6176 --- [localhost-startStop-1] c.v.s.b.i.VaadinServletConfiguration     : Registering Vaadin servlet
2016-05-02 17:55:34.069  INFO 6176 --- [localhost-startStop-1] c.v.s.b.i.VaadinServletConfiguration     : Servlet will be mapped to URLs [/vaadinServlet/*, /VAADIN/*]
2016-05-02 17:55:34.085  INFO 6176 --- [localhost-startStop-1] c.v.s.b.i.VaadinServletConfiguration     : Setting servlet init parameters
2016-05-02 17:55:34.086  INFO 6176 --- [localhost-startStop-1] c.v.s.b.i.VaadinServletConfiguration     : Set servlet init parameter [productionMode] = [false]
2016-05-02 17:55:34.086  INFO 6176 --- [localhost-startStop-1] c.v.s.b.i.VaadinServletConfiguration     : Set servlet init parameter [resourceCacheTime] = [3600]
2016-05-02 17:55:34.086  INFO 6176 --- [localhost-startStop-1] c.v.s.b.i.VaadinServletConfiguration     : Set servlet init parameter [heartbeatInterval] = [300]
2016-05-02 17:55:34.086  INFO 6176 --- [localhost-startStop-1] c.v.s.b.i.VaadinServletConfiguration     : Set servlet init parameter [closeIdleSessions] = [false]
2016-05-02 17:55:34.392  INFO 6176 --- [localhost-startStop-1] o.s.b.c.e.ServletRegistrationBean        : Mapping servlet: 'dispatcherServlet' to [/]
2016-05-02 17:55:34.394  INFO 6176 --- [localhost-startStop-1] o.s.b.c.e.ServletRegistrationBean        : Mapping servlet: 'springVaadinServlet' to [/vaadinServlet/*, /VAADIN/*]
2016-05-02 17:55:34.399  INFO 6176 --- [localhost-startStop-1] o.s.b.c.embedded.FilterRegistrationBean  : Mapping filter: 'characterEncodingFilter' to: [/*]
2016-05-02 17:55:34.399  INFO 6176 --- [localhost-startStop-1] o.s.b.c.embedded.FilterRegistrationBean  : Mapping filter: 'hiddenHttpMethodFilter' to: [/*]
2016-05-02 17:55:34.400  INFO 6176 --- [localhost-startStop-1] o.s.b.c.embedded.FilterRegistrationBean  : Mapping filter: 'httpPutFormContentFilter' to: [/*]
2016-05-02 17:55:34.400  INFO 6176 --- [localhost-startStop-1] o.s.b.c.embedded.FilterRegistrationBean  : Mapping filter: 'requestContextFilter' to: [/*]
2016-05-02 17:55:34.915  INFO 6176 --- [restartedMain] j.LocalContainerEntityManagerFactoryBean : Building JPA container EntityManagerFactory for persistence unit 'default'
2016-05-02 17:55:34.929  INFO 6176 --- [restartedMain] o.hibernate.jpa.internal.util.LogHelper  : HHH000204: Processing PersistenceUnitInfo [
	name: default
	...]
2016-05-02 17:55:35.029  INFO 6176 --- [restartedMain] org.hibernate.Version                    : HHH000412: Hibernate Core {4.3.11.Final}
2016-05-02 17:55:35.031  INFO 6176 --- [restartedMain] org.hibernate.cfg.Environment            : HHH000206: hibernate.properties not found
2016-05-02 17:55:35.032  INFO 6176 --- [restartedMain] org.hibernate.cfg.Environment            : HHH000021: Bytecode provider name : javassist
2016-05-02 17:55:35.270  INFO 6176 --- [restartedMain] o.hibernate.annotations.common.Version   : HCANN000001: Hibernate Commons Annotations {4.0.5.Final}
2016-05-02 17:55:35.448  INFO 6176 --- [restartedMain] org.hibernate.dialect.Dialect            : HHH000400: Using dialect: org.hibernate.dialect.MySQL5Dialect
2016-05-02 17:55:35.652  INFO 6176 --- [restartedMain] o.h.h.i.ast.ASTQueryTranslatorFactory    : HHH000397: Using ASTQueryTranslatorFactory
2016-05-02 17:55:36.618  WARN 6176 --- [restartedMain] ationConfigEmbeddedWebApplicationContext : Exception encountered during context initialization - cancelling refresh attempt: org.springframework.beans.factory.BeanCreationException: Error creating bean with name 'InstallArchitecture' defined in class path resource [com/wacajou/architecture/CreateArchitecture.class]: Bean instantiation via factory method failed; nested exception is org.springframework.beans.BeanInstantiationException: Failed to instantiate [boolean]: Factory method 'InstallArchitecture' threw exception; nested exception is java.lang.NullPointerException
2016-05-02 17:55:36.620  INFO 6176 --- [restartedMain] j.LocalContainerEntityManagerFactoryBean : Closing JPA EntityManagerFactory for persistence unit 'default'
2016-05-02 17:55:36.627  INFO 6176 --- [restartedMain] o.apache.catalina.core.StandardService   : Stopping service Tomcat
2016-05-02 17:55:36.643 ERROR 6176 --- [restartedMain] o.s.boot.SpringApplication               : Application startup failed

org.springframework.beans.factory.BeanCreationException: Error creating bean with name 'InstallArchitecture' defined in class path resource [com/wacajou/architecture/CreateArchitecture.class]: Bean instantiation via factory method failed; nested exception is org.springframework.beans.BeanInstantiationException: Failed to instantiate [boolean]: Factory method 'InstallArchitecture' threw exception; nested exception is java.lang.NullPointerException
	at org.springframework.beans.factory.support.ConstructorResolver.instantiateUsingFactoryMethod(ConstructorResolver.java:599) ~[spring-beans-4.2.5.RELEASE.jar:4.2.5.RELEASE]
	at org.springframework.beans.factory.support.AbstractAutowireCapableBeanFactory.instantiateUsingFactoryMethod(AbstractAutowireCapableBeanFactory.java:1123) ~[spring-beans-4.2.5.RELEASE.jar:4.2.5.RELEASE]
	at org.springframework.beans.factory.support.AbstractAutowireCapableBeanFactory.createBeanInstance(AbstractAutowireCapableBeanFactory.java:1018) ~[spring-beans-4.2.5.RELEASE.jar:4.2.5.RELEASE]
	at org.springframework.beans.factory.support.AbstractAutowireCapableBeanFactory.doCreateBean(AbstractAutowireCapableBeanFactory.java:510) ~[spring-beans-4.2.5.RELEASE.jar:4.2.5.RELEASE]
	at org.springframework.beans.factory.support.AbstractAutowireCapableBeanFactory.createBean(AbstractAutowireCapableBeanFactory.java:482) ~[spring-beans-4.2.5.RELEASE.jar:4.2.5.RELEASE]
	at org.springframework.beans.factory.support.AbstractBeanFactory$1.getObject(AbstractBeanFactory.java:306) ~[spring-beans-4.2.5.RELEASE.jar:4.2.5.RELEASE]
	at org.springframework.beans.factory.support.DefaultSingletonBeanRegistry.getSingleton(DefaultSingletonBeanRegistry.java:230) ~[spring-beans-4.2.5.RELEASE.jar:4.2.5.RELEASE]
	at org.springframework.beans.factory.support.AbstractBeanFactory.doGetBean(AbstractBeanFactory.java:302) ~[spring-beans-4.2.5.RELEASE.jar:4.2.5.RELEASE]
	at org.springframework.beans.factory.support.AbstractBeanFactory.getBean(AbstractBeanFactory.java:197) ~[spring-beans-4.2.5.RELEASE.jar:4.2.5.RELEASE]
	at org.springframework.beans.factory.support.DefaultListableBeanFactory.preInstantiateSingletons(DefaultListableBeanFactory.java:772) ~[spring-beans-4.2.5.RELEASE.jar:4.2.5.RELEASE]
	at org.springframework.context.support.AbstractApplicationContext.finishBeanFactoryInitialization(AbstractApplicationContext.java:839) ~[spring-context-4.2.5.RELEASE.jar:4.2.5.RELEASE]
	at org.springframework.context.support.AbstractApplicationContext.refresh(AbstractApplicationContext.java:538) ~[spring-context-4.2.5.RELEASE.jar:4.2.5.RELEASE]
	at org.springframework.boot.context.embedded.EmbeddedWebApplicationContext.refresh(EmbeddedWebApplicationContext.java:118) ~[spring-boot-1.3.3.RELEASE.jar:1.3.3.RELEASE]
	at org.springframework.boot.SpringApplication.refresh(SpringApplication.java:766) [spring-boot-1.3.3.RELEASE.jar:1.3.3.RELEASE]
	at org.springframework.boot.SpringApplication.createAndRefreshContext(SpringApplication.java:361) [spring-boot-1.3.3.RELEASE.jar:1.3.3.RELEASE]
	at org.springframework.boot.SpringApplication.run(SpringApplication.java:307) [spring-boot-1.3.3.RELEASE.jar:1.3.3.RELEASE]
	at org.springframework.boot.SpringApplication.run(SpringApplication.java:1191) [spring-boot-1.3.3.RELEASE.jar:1.3.3.RELEASE]
	at org.springframework.boot.SpringApplication.run(SpringApplication.java:1180) [spring-boot-1.3.3.RELEASE.jar:1.3.3.RELEASE]
	at com.wacajou.WacajouApplication.main(WacajouApplication.java:26) [classes/:na]
	at sun.reflect.NativeMethodAccessorImpl.invoke0(Native Method) ~[na:1.8.0_51]
	at sun.reflect.NativeMethodAccessorImpl.invoke(NativeMethodAccessorImpl.java:62) ~[na:1.8.0_51]
	at sun.reflect.DelegatingMethodAccessorImpl.invoke(DelegatingMethodAccessorImpl.java:43) ~[na:1.8.0_51]
	at java.lang.reflect.Method.invoke(Method.java:497) ~[na:1.8.0_51]
	at org.springframework.boot.devtools.restart.RestartLauncher.run(RestartLauncher.java:49) [spring-boot-devtools-1.3.3.RELEASE.jar:1.3.3.RELEASE]
Caused by: org.springframework.beans.BeanInstantiationException: Failed to instantiate [boolean]: Factory method 'InstallArchitecture' threw exception; nested exception is java.lang.NullPointerException
	at org.springframework.beans.factory.support.SimpleInstantiationStrategy.instantiate(SimpleInstantiationStrategy.java:189) ~[spring-beans-4.2.5.RELEASE.jar:4.2.5.RELEASE]
	at org.springframework.beans.factory.support.ConstructorResolver.instantiateUsingFactoryMethod(ConstructorResolver.java:588) ~[spring-beans-4.2.5.RELEASE.jar:4.2.5.RELEASE]
	... 23 common frames omitted
Caused by: java.lang.NullPointerException: null
	at com.wacajou.architecture.CreateArchitecture.InstallArchitecture(CreateArchitecture.java:24) ~[classes/:na]
	at com.wacajou.architecture.CreateArchitecture$$EnhancerBySpringCGLIB$$1970cc17.CGLIB$InstallArchitecture$1(<generated>) ~[classes/:na]
	at com.wacajou.architecture.CreateArchitecture$$EnhancerBySpringCGLIB$$1970cc17$$FastClassBySpringCGLIB$$7d3f5a49.invoke(<generated>) ~[classes/:na]
	at org.springframework.cglib.proxy.MethodProxy.invokeSuper(MethodProxy.java:228) ~[spring-core-4.2.5.RELEASE.jar:4.2.5.RELEASE]
	at org.springframework.context.annotation.ConfigurationClassEnhancer$BeanMethodInterceptor.intercept(ConfigurationClassEnhancer.java:355) ~[spring-context-4.2.5.RELEASE.jar:4.2.5.RELEASE]
	at com.wacajou.architecture.CreateArchitecture$$EnhancerBySpringCGLIB$$1970cc17.InstallArchitecture(<generated>) ~[classes/:na]
	at sun.reflect.NativeMethodAccessorImpl.invoke0(Native Method) ~[na:1.8.0_51]
	at sun.reflect.NativeMethodAccessorImpl.invoke(NativeMethodAccessorImpl.java:62) ~[na:1.8.0_51]
	at sun.reflect.DelegatingMethodAccessorImpl.invoke(DelegatingMethodAccessorImpl.java:43) ~[na:1.8.0_51]
	at java.lang.reflect.Method.invoke(Method.java:497) ~[na:1.8.0_51]
	at org.springframework.beans.factory.support.SimpleInstantiationStrategy.instantiate(SimpleInstantiationStrategy.java:162) ~[spring-beans-4.2.5.RELEASE.jar:4.2.5.RELEASE]
	... 24 common frames omitted

2016-05-02 17:55:36.650  INFO 6176 --- [restartedMain] .b.l.ClasspathLoggingApplicationListener : Application failed to start with classpath: [file:/C:/Users/X-Strike/git/Wacajou/master/com/target/classes/, file:/C:/Users/X-Strike/git/Wacajou/master/data/target/classes/]
2016-05-02 17:56:33.607  INFO 5512 --- [restartedMain] com.wacajou.WacajouApplication           : Starting WacajouApplication on X-Strike-PC with PID 5512 (C:\Users\X-Strike\git\Wacajou\master\com\target\classes started by X-Strike in C:\Users\X-Strike\git\Wacajou\master\com)
2016-05-02 17:56:33.614  INFO 5512 --- [restartedMain] com.wacajou.WacajouApplication           : The following profiles are active: dblocal,one,install,dev
2016-05-02 17:56:33.677  INFO 5512 --- [restartedMain] ationConfigEmbeddedWebApplicationContext : Refreshing org.springframework.boot.context.embedded.AnnotationConfigEmbeddedWebApplicationContext@4faacd5b: startup date [Mon May 02 17:56:33 CEST 2016]; root of context hierarchy
2016-05-02 17:56:35.266  INFO 5512 --- [restartedMain] o.s.b.f.s.DefaultListableBeanFactory     : Overriding bean definition for bean 'beanNameViewResolver' with a different definition: replacing [Root bean: class [null]; scope=; abstract=false; lazyInit=false; autowireMode=3; dependencyCheck=0; autowireCandidate=true; primary=false; factoryBeanName=org.springframework.boot.autoconfigure.web.ErrorMvcAutoConfiguration$WhitelabelErrorViewConfiguration; factoryMethodName=beanNameViewResolver; initMethodName=null; destroyMethodName=(inferred); defined in class path resource [org/springframework/boot/autoconfigure/web/ErrorMvcAutoConfiguration$WhitelabelErrorViewConfiguration.class]] with [Root bean: class [null]; scope=; abstract=false; lazyInit=false; autowireMode=3; dependencyCheck=0; autowireCandidate=true; primary=false; factoryBeanName=org.springframework.boot.autoconfigure.web.WebMvcAutoConfiguration$WebMvcAutoConfigurationAdapter; factoryMethodName=beanNameViewResolver; initMethodName=null; destroyMethodName=(inferred); defined in class path resource [org/springframework/boot/autoconfigure/web/WebMvcAutoConfiguration$WebMvcAutoConfigurationAdapter.class]]
2016-05-02 17:56:36.003  INFO 5512 --- [restartedMain] trationDelegate$BeanPostProcessorChecker : Bean 'org.springframework.transaction.annotation.ProxyTransactionManagementConfiguration' of type [class org.springframework.transaction.annotation.ProxyTransactionManagementConfiguration$$EnhancerBySpringCGLIB$$fc85fb2c] is not eligible for getting processed by all BeanPostProcessors (for example: not eligible for auto-proxying)
2016-05-02 17:56:36.590  INFO 5512 --- [restartedMain] s.b.c.e.t.TomcatEmbeddedServletContainer : Tomcat initialized with port(s): 9001 (http)
2016-05-02 17:56:36.609  INFO 5512 --- [restartedMain] o.apache.catalina.core.StandardService   : Starting service Tomcat
2016-05-02 17:56:36.610  INFO 5512 --- [restartedMain] org.apache.catalina.core.StandardEngine  : Starting Servlet Engine: Apache Tomcat/8.0.32
2016-05-02 17:56:36.777  INFO 5512 --- [localhost-startStop-1] o.a.c.c.C.[Tomcat].[localhost].[/]       : Initializing Spring embedded WebApplicationContext
2016-05-02 17:56:36.778  INFO 5512 --- [localhost-startStop-1] o.s.web.context.ContextLoader            : Root WebApplicationContext: initialization completed in 3105 ms
2016-05-02 17:56:36.953  INFO 5512 --- [localhost-startStop-1] c.v.s.b.i.VaadinServletConfiguration     : Registering Vaadin servlet
2016-05-02 17:56:36.953  INFO 5512 --- [localhost-startStop-1] c.v.s.b.i.VaadinServletConfiguration     : Servlet will be mapped to URLs [/vaadinServlet/*, /VAADIN/*]
2016-05-02 17:56:36.975  INFO 5512 --- [localhost-startStop-1] c.v.s.b.i.VaadinServletConfiguration     : Setting servlet init parameters
2016-05-02 17:56:36.975  INFO 5512 --- [localhost-startStop-1] c.v.s.b.i.VaadinServletConfiguration     : Set servlet init parameter [productionMode] = [false]
2016-05-02 17:56:36.976  INFO 5512 --- [localhost-startStop-1] c.v.s.b.i.VaadinServletConfiguration     : Set servlet init parameter [resourceCacheTime] = [3600]
2016-05-02 17:56:36.976  INFO 5512 --- [localhost-startStop-1] c.v.s.b.i.VaadinServletConfiguration     : Set servlet init parameter [heartbeatInterval] = [300]
2016-05-02 17:56:36.976  INFO 5512 --- [localhost-startStop-1] c.v.s.b.i.VaadinServletConfiguration     : Set servlet init parameter [closeIdleSessions] = [false]
2016-05-02 17:56:37.245  INFO 5512 --- [localhost-startStop-1] o.s.b.c.e.ServletRegistrationBean        : Mapping servlet: 'dispatcherServlet' to [/]
2016-05-02 17:56:37.248  INFO 5512 --- [localhost-startStop-1] o.s.b.c.e.ServletRegistrationBean        : Mapping servlet: 'springVaadinServlet' to [/vaadinServlet/*, /VAADIN/*]
2016-05-02 17:56:37.251  INFO 5512 --- [localhost-startStop-1] o.s.b.c.embedded.FilterRegistrationBean  : Mapping filter: 'characterEncodingFilter' to: [/*]
2016-05-02 17:56:37.252  INFO 5512 --- [localhost-startStop-1] o.s.b.c.embedded.FilterRegistrationBean  : Mapping filter: 'hiddenHttpMethodFilter' to: [/*]
2016-05-02 17:56:37.252  INFO 5512 --- [localhost-startStop-1] o.s.b.c.embedded.FilterRegistrationBean  : Mapping filter: 'httpPutFormContentFilter' to: [/*]
2016-05-02 17:56:37.253  INFO 5512 --- [localhost-startStop-1] o.s.b.c.embedded.FilterRegistrationBean  : Mapping filter: 'requestContextFilter' to: [/*]
2016-05-02 17:56:37.748  INFO 5512 --- [restartedMain] j.LocalContainerEntityManagerFactoryBean : Building JPA container EntityManagerFactory for persistence unit 'default'
2016-05-02 17:56:37.761  INFO 5512 --- [restartedMain] o.hibernate.jpa.internal.util.LogHelper  : HHH000204: Processing PersistenceUnitInfo [
	name: default
	...]
2016-05-02 17:56:37.858  INFO 5512 --- [restartedMain] org.hibernate.Version                    : HHH000412: Hibernate Core {4.3.11.Final}
2016-05-02 17:56:37.859  INFO 5512 --- [restartedMain] org.hibernate.cfg.Environment            : HHH000206: hibernate.properties not found
2016-05-02 17:56:37.861  INFO 5512 --- [restartedMain] org.hibernate.cfg.Environment            : HHH000021: Bytecode provider name : javassist
2016-05-02 17:56:38.105  INFO 5512 --- [restartedMain] o.hibernate.annotations.common.Version   : HCANN000001: Hibernate Commons Annotations {4.0.5.Final}
2016-05-02 17:56:38.279  INFO 5512 --- [restartedMain] org.hibernate.dialect.Dialect            : HHH000400: Using dialect: org.hibernate.dialect.MySQL5Dialect
2016-05-02 17:56:38.467  INFO 5512 --- [restartedMain] o.h.h.i.ast.ASTQueryTranslatorFactory    : HHH000397: Using ASTQueryTranslatorFactory
2016-05-02 17:56:45.825  INFO 5512 --- [restartedMain] s.w.s.m.m.a.RequestMappingHandlerAdapter : Looking for @ControllerAdvice: org.springframework.boot.context.embedded.AnnotationConfigEmbeddedWebApplicationContext@4faacd5b: startup date [Mon May 02 17:56:33 CEST 2016]; root of context hierarchy
2016-05-02 17:56:45.909  INFO 5512 --- [restartedMain] s.w.s.m.m.a.RequestMappingHandlerMapping : Mapped "{[/error]}" onto public org.springframework.http.ResponseEntity<java.util.Map<java.lang.String, java.lang.Object>> org.springframework.boot.autoconfigure.web.BasicErrorController.error(javax.servlet.http.HttpServletRequest)
2016-05-02 17:56:45.910  INFO 5512 --- [restartedMain] s.w.s.m.m.a.RequestMappingHandlerMapping : Mapped "{[/error],produces=[text/html]}" onto public org.springframework.web.servlet.ModelAndView org.springframework.boot.autoconfigure.web.BasicErrorController.errorHtml(javax.servlet.http.HttpServletRequest,javax.servlet.http.HttpServletResponse)
2016-05-02 17:56:45.953  INFO 5512 --- [restartedMain] o.s.w.s.handler.SimpleUrlHandlerMapping  : Mapped URL path [/webjars/**] onto handler of type [class org.springframework.web.servlet.resource.ResourceHttpRequestHandler]
2016-05-02 17:56:45.954  INFO 5512 --- [restartedMain] o.s.w.s.handler.SimpleUrlHandlerMapping  : Mapped URL path [/**] onto handler of type [class org.springframework.web.servlet.resource.ResourceHttpRequestHandler]
2016-05-02 17:56:46.002  INFO 5512 --- [restartedMain] o.s.w.s.handler.SimpleUrlHandlerMapping  : Mapped URL path [/**/favicon.ico] onto handler of type [class org.springframework.web.servlet.resource.ResourceHttpRequestHandler]
2016-05-02 17:56:46.021  INFO 5512 --- [restartedMain] c.v.s.b.i.VaadinServletConfiguration     : Checking the application context for Vaadin UI mappings
2016-05-02 17:56:46.024  INFO 5512 --- [restartedMain] c.v.s.b.i.VaadinServletConfiguration     : Registering Vaadin servlet of type [com.vaadin.spring.server.SpringVaadinServlet]
2016-05-02 17:56:46.032  INFO 5512 --- [restartedMain] c.v.s.b.i.VaadinServletConfiguration     : Forwarding @SpringUI URLs from {/=org.springframework.web.servlet.mvc.ServletForwardingController@4e9828e2}
2016-05-02 17:56:46.034  INFO 5512 --- [restartedMain] o.s.w.s.handler.SimpleUrlHandlerMapping  : Root mapping to handler of type [class org.springframework.web.servlet.mvc.ServletForwardingController]
2016-05-02 17:56:46.047  INFO 5512 --- [restartedMain] c.v.spring.navigator.SpringViewProvider  : Looking up SpringViews
2016-05-02 17:56:46.050  WARN 5512 --- [restartedMain] c.v.spring.navigator.SpringViewProvider  : No SpringViews found
2016-05-02 17:56:46.263  INFO 5512 --- [restartedMain] o.s.b.d.a.OptionalLiveReloadServer       : LiveReload server is running on port 35729
2016-05-02 17:56:46.379  INFO 5512 --- [restartedMain] o.s.j.e.a.AnnotationMBeanExporter        : Registering beans for JMX exposure on startup
2016-05-02 17:56:46.462  INFO 5512 --- [restartedMain] s.b.c.e.t.TomcatEmbeddedServletContainer : Tomcat started on port(s): 9001 (http)
2016-05-02 17:56:46.469  INFO 5512 --- [restartedMain] com.wacajou.WacajouApplication           : Started WacajouApplication in 13.555 seconds (JVM running for 14.16)
2016-05-02 17:58:00.970  INFO 5512 --- [Thread-9] ationConfigEmbeddedWebApplicationContext : Closing org.springframework.boot.context.embedded.AnnotationConfigEmbeddedWebApplicationContext@4faacd5b: startup date [Mon May 02 17:56:33 CEST 2016]; root of context hierarchy
2016-05-02 17:58:00.974  INFO 5512 --- [Thread-9] o.s.j.e.a.AnnotationMBeanExporter        : Unregistering JMX-exposed beans on shutdown
2016-05-02 17:58:00.979  INFO 5512 --- [Thread-9] j.LocalContainerEntityManagerFactoryBean : Closing JPA EntityManagerFactory for persistence unit 'default'
2016-05-02 17:58:01.484  INFO 5512 --- [restartedMain] com.wacajou.WacajouApplication           : Starting WacajouApplication on X-Strike-PC with PID 5512 (C:\Users\X-Strike\git\Wacajou\master\com\target\classes started by X-Strike in C:\Users\X-Strike\git\Wacajou\master\com)
2016-05-02 17:58:01.485  INFO 5512 --- [restartedMain] com.wacajou.WacajouApplication           : The following profiles are active: dblocal,one,install,dev
2016-05-02 17:58:01.490  INFO 5512 --- [restartedMain] ationConfigEmbeddedWebApplicationContext : Refreshing org.springframework.boot.context.embedded.AnnotationConfigEmbeddedWebApplicationContext@5e629fcf: startup date [Mon May 02 17:58:01 CEST 2016]; root of context hierarchy
2016-05-02 17:58:02.715  INFO 5512 --- [restartedMain] o.s.b.f.s.DefaultListableBeanFactory     : Overriding bean definition for bean 'beanNameViewResolver' with a different definition: replacing [Root bean: class [null]; scope=; abstract=false; lazyInit=false; autowireMode=3; dependencyCheck=0; autowireCandidate=true; primary=false; factoryBeanName=org.springframework.boot.autoconfigure.web.ErrorMvcAutoConfiguration$WhitelabelErrorViewConfiguration; factoryMethodName=beanNameViewResolver; initMethodName=null; destroyMethodName=(inferred); defined in class path resource [org/springframework/boot/autoconfigure/web/ErrorMvcAutoConfiguration$WhitelabelErrorViewConfiguration.class]] with [Root bean: class [null]; scope=; abstract=false; lazyInit=false; autowireMode=3; dependencyCheck=0; autowireCandidate=true; primary=false; factoryBeanName=org.springframework.boot.autoconfigure.web.WebMvcAutoConfiguration$WebMvcAutoConfigurationAdapter; factoryMethodName=beanNameViewResolver; initMethodName=null; destroyMethodName=(inferred); defined in class path resource [org/springframework/boot/autoconfigure/web/WebMvcAutoConfiguration$WebMvcAutoConfigurationAdapter.class]]
2016-05-02 17:58:02.954  INFO 5512 --- [restartedMain] trationDelegate$BeanPostProcessorChecker : Bean 'org.springframework.transaction.annotation.ProxyTransactionManagementConfiguration' of type [class org.springframework.transaction.annotation.ProxyTransactionManagementConfiguration$$EnhancerBySpringCGLIB$$fc85fb2c] is not eligible for getting processed by all BeanPostProcessors (for example: not eligible for auto-proxying)
2016-05-02 17:58:02.997  INFO 5512 --- [restartedMain] s.b.c.e.t.TomcatEmbeddedServletContainer : Tomcat initialized with port(s): 9001 (http)
2016-05-02 17:58:02.998  INFO 5512 --- [restartedMain] o.apache.catalina.core.StandardService   : Starting service Tomcat
2016-05-02 17:58:02.998  INFO 5512 --- [restartedMain] org.apache.catalina.core.StandardEngine  : Starting Servlet Engine: Apache Tomcat/8.0.32
2016-05-02 17:58:03.008  INFO 5512 --- [localhost-startStop-1] o.a.c.c.C.[Tomcat].[localhost].[/]       : Initializing Spring embedded WebApplicationContext
2016-05-02 17:58:03.009  INFO 5512 --- [localhost-startStop-1] o.s.web.context.ContextLoader            : Root WebApplicationContext: initialization completed in 1520 ms
2016-05-02 17:58:03.049  INFO 5512 --- [localhost-startStop-1] c.v.s.b.i.VaadinServletConfiguration     : Registering Vaadin servlet
2016-05-02 17:58:03.050  INFO 5512 --- [localhost-startStop-1] c.v.s.b.i.VaadinServletConfiguration     : Servlet will be mapped to URLs [/vaadinServlet/*, /VAADIN/*]
2016-05-02 17:58:03.051  INFO 5512 --- [localhost-startStop-1] c.v.s.b.i.VaadinServletConfiguration     : Setting servlet init parameters
2016-05-02 17:58:03.051  INFO 5512 --- [localhost-startStop-1] c.v.s.b.i.VaadinServletConfiguration     : Set servlet init parameter [productionMode] = [false]
2016-05-02 17:58:03.051  INFO 5512 --- [localhost-startStop-1] c.v.s.b.i.VaadinServletConfiguration     : Set servlet init parameter [resourceCacheTime] = [3600]
2016-05-02 17:58:03.051  INFO 5512 --- [localhost-startStop-1] c.v.s.b.i.VaadinServletConfiguration     : Set servlet init parameter [heartbeatInterval] = [300]
2016-05-02 17:58:03.051  INFO 5512 --- [localhost-startStop-1] c.v.s.b.i.VaadinServletConfiguration     : Set servlet init parameter [closeIdleSessions] = [false]
2016-05-02 17:58:03.111  INFO 5512 --- [localhost-startStop-1] o.s.b.c.e.ServletRegistrationBean        : Mapping servlet: 'dispatcherServlet' to [/]
2016-05-02 17:58:03.112  INFO 5512 --- [localhost-startStop-1] o.s.b.c.e.ServletRegistrationBean        : Mapping servlet: 'springVaadinServlet' to [/vaadinServlet/*, /VAADIN/*]
2016-05-02 17:58:03.112  INFO 5512 --- [localhost-startStop-1] o.s.b.c.embedded.FilterRegistrationBean  : Mapping filter: 'characterEncodingFilter' to: [/*]
2016-05-02 17:58:03.112  INFO 5512 --- [localhost-startStop-1] o.s.b.c.embedded.FilterRegistrationBean  : Mapping filter: 'hiddenHttpMethodFilter' to: [/*]
2016-05-02 17:58:03.112  INFO 5512 --- [localhost-startStop-1] o.s.b.c.embedded.FilterRegistrationBean  : Mapping filter: 'httpPutFormContentFilter' to: [/*]
2016-05-02 17:58:03.112  INFO 5512 --- [localhost-startStop-1] o.s.b.c.embedded.FilterRegistrationBean  : Mapping filter: 'requestContextFilter' to: [/*]
2016-05-02 17:58:03.257  INFO 5512 --- [restartedMain] j.LocalContainerEntityManagerFactoryBean : Building JPA container EntityManagerFactory for persistence unit 'default'
2016-05-02 17:58:03.258  INFO 5512 --- [restartedMain] o.hibernate.jpa.internal.util.LogHelper  : HHH000204: Processing PersistenceUnitInfo [
	name: default
	...]
2016-05-02 17:58:03.284  INFO 5512 --- [restartedMain] org.hibernate.dialect.Dialect            : HHH000400: Using dialect: org.hibernate.dialect.MySQL5Dialect
2016-05-02 17:58:03.307  INFO 5512 --- [restartedMain] o.h.h.i.ast.ASTQueryTranslatorFactory    : HHH000397: Using ASTQueryTranslatorFactory
2016-05-02 17:58:03.618  INFO 5512 --- [restartedMain] s.w.s.m.m.a.RequestMappingHandlerAdapter : Looking for @ControllerAdvice: org.springframework.boot.context.embedded.AnnotationConfigEmbeddedWebApplicationContext@5e629fcf: startup date [Mon May 02 17:58:01 CEST 2016]; root of context hierarchy
2016-05-02 17:58:03.627  INFO 5512 --- [restartedMain] s.w.s.m.m.a.RequestMappingHandlerMapping : Mapped "{[/error]}" onto public org.springframework.http.ResponseEntity<java.util.Map<java.lang.String, java.lang.Object>> org.springframework.boot.autoconfigure.web.BasicErrorController.error(javax.servlet.http.HttpServletRequest)
2016-05-02 17:58:03.628  INFO 5512 --- [restartedMain] s.w.s.m.m.a.RequestMappingHandlerMapping : Mapped "{[/error],produces=[text/html]}" onto public org.springframework.web.servlet.ModelAndView org.springframework.boot.autoconfigure.web.BasicErrorController.errorHtml(javax.servlet.http.HttpServletRequest,javax.servlet.http.HttpServletResponse)
2016-05-02 17:58:03.637  INFO 5512 --- [restartedMain] o.s.w.s.handler.SimpleUrlHandlerMapping  : Mapped URL path [/webjars/**] onto handler of type [class org.springframework.web.servlet.resource.ResourceHttpRequestHandler]
2016-05-02 17:58:03.637  INFO 5512 --- [restartedMain] o.s.w.s.handler.SimpleUrlHandlerMapping  : Mapped URL path [/**] onto handler of type [class org.springframework.web.servlet.resource.ResourceHttpRequestHandler]
2016-05-02 17:58:03.649  INFO 5512 --- [restartedMain] o.s.w.s.handler.SimpleUrlHandlerMapping  : Mapped URL path [/**/favicon.ico] onto handler of type [class org.springframework.web.servlet.resource.ResourceHttpRequestHandler]
2016-05-02 17:58:03.653  INFO 5512 --- [restartedMain] c.v.s.b.i.VaadinServletConfiguration     : Checking the application context for Vaadin UI mappings
2016-05-02 17:58:03.656  INFO 5512 --- [restartedMain] c.v.s.b.i.VaadinServletConfiguration     : Registering Vaadin servlet of type [com.vaadin.spring.server.SpringVaadinServlet]
2016-05-02 17:58:03.657  INFO 5512 --- [restartedMain] c.v.s.b.i.VaadinServletConfiguration     : Forwarding @SpringUI URLs from {/=org.springframework.web.servlet.mvc.ServletForwardingController@1c15d25b}
2016-05-02 17:58:03.657  INFO 5512 --- [restartedMain] o.s.w.s.handler.SimpleUrlHandlerMapping  : Root mapping to handler of type [class org.springframework.web.servlet.mvc.ServletForwardingController]
2016-05-02 17:58:03.658  INFO 5512 --- [restartedMain] c.v.spring.navigator.SpringViewProvider  : Looking up SpringViews
2016-05-02 17:58:03.661  WARN 5512 --- [restartedMain] c.v.spring.navigator.SpringViewProvider  : No SpringViews found
2016-05-02 17:58:03.704  INFO 5512 --- [restartedMain] o.s.b.d.a.OptionalLiveReloadServer       : LiveReload server is running on port 35729
2016-05-02 17:58:03.767  INFO 5512 --- [restartedMain] o.s.j.e.a.AnnotationMBeanExporter        : Registering beans for JMX exposure on startup
2016-05-02 17:58:03.778  INFO 5512 --- [restartedMain] s.b.c.e.t.TomcatEmbeddedServletContainer : Tomcat started on port(s): 9001 (http)
2016-05-02 17:58:03.780  INFO 5512 --- [restartedMain] com.wacajou.WacajouApplication           : Started WacajouApplication in 2.499 seconds (JVM running for 91.471)
