2016-04-27 16:09:13.109  INFO 7564 --- [restartedMain] com.wacajou.WacajouApplication           : Starting WacajouApplication on DESKTOP-PAYRAUDEAU with PID 7564 (C:\Users\ISEP\git\Wacajou\master\com\target\classes started by ISEP in C:\Users\ISEP\git\Wacajou\master\com)
2016-04-27 16:09:13.120  INFO 7564 --- [restartedMain] com.wacajou.WacajouApplication           : The following profiles are active: dev,dblocal
2016-04-27 16:09:13.315  INFO 7564 --- [restartedMain] ationConfigEmbeddedWebApplicationContext : Refreshing org.springframework.boot.context.embedded.AnnotationConfigEmbeddedWebApplicationContext@7735edaf: startup date [Wed Apr 27 16:09:13 CEST 2016]; root of context hierarchy
2016-04-27 16:09:17.308  INFO 7564 --- [restartedMain] o.s.b.f.s.DefaultListableBeanFactory     : Overriding bean definition for bean 'beanNameViewResolver' with a different definition: replacing [Root bean: class [null]; scope=; abstract=false; lazyInit=false; autowireMode=3; dependencyCheck=0; autowireCandidate=true; primary=false; factoryBeanName=org.springframework.boot.autoconfigure.web.ErrorMvcAutoConfiguration$WhitelabelErrorViewConfiguration; factoryMethodName=beanNameViewResolver; initMethodName=null; destroyMethodName=(inferred); defined in class path resource [org/springframework/boot/autoconfigure/web/ErrorMvcAutoConfiguration$WhitelabelErrorViewConfiguration.class]] with [Root bean: class [null]; scope=; abstract=false; lazyInit=false; autowireMode=3; dependencyCheck=0; autowireCandidate=true; primary=false; factoryBeanName=org.springframework.boot.autoconfigure.web.WebMvcAutoConfiguration$WebMvcAutoConfigurationAdapter; factoryMethodName=beanNameViewResolver; initMethodName=null; destroyMethodName=(inferred); defined in class path resource [org/springframework/boot/autoconfigure/web/WebMvcAutoConfiguration$WebMvcAutoConfigurationAdapter.class]]
2016-04-27 16:09:18.880  INFO 7564 --- [restartedMain] trationDelegate$BeanPostProcessorChecker : Bean 'org.springframework.transaction.annotation.ProxyTransactionManagementConfiguration' of type [class org.springframework.transaction.annotation.ProxyTransactionManagementConfiguration$$EnhancerBySpringCGLIB$$3c620b2] is not eligible for getting processed by all BeanPostProcessors (for example: not eligible for auto-proxying)
2016-04-27 16:09:19.913  INFO 7564 --- [restartedMain] s.b.c.e.t.TomcatEmbeddedServletContainer : Tomcat initialized with port(s): 9001 (http)
2016-04-27 16:09:19.944  INFO 7564 --- [restartedMain] o.apache.catalina.core.StandardService   : Starting service Tomcat
2016-04-27 16:09:19.947  INFO 7564 --- [restartedMain] org.apache.catalina.core.StandardEngine  : Starting Servlet Engine: Apache Tomcat/8.0.32
2016-04-27 16:09:20.274  INFO 7564 --- [localhost-startStop-1] o.a.c.c.C.[Tomcat].[localhost].[/]       : Initializing Spring embedded WebApplicationContext
2016-04-27 16:09:20.275  INFO 7564 --- [localhost-startStop-1] o.s.web.context.ContextLoader            : Root WebApplicationContext: initialization completed in 6970 ms
2016-04-27 16:09:20.597  INFO 7564 --- [localhost-startStop-1] c.v.s.b.i.VaadinServletConfiguration     : Registering Vaadin servlet
2016-04-27 16:09:20.597  INFO 7564 --- [localhost-startStop-1] c.v.s.b.i.VaadinServletConfiguration     : Servlet will be mapped to URLs [/vaadinServlet/*, /VAADIN/*]
2016-04-27 16:09:20.630  INFO 7564 --- [localhost-startStop-1] c.v.s.b.i.VaadinServletConfiguration     : Setting servlet init parameters
2016-04-27 16:09:20.630  INFO 7564 --- [localhost-startStop-1] c.v.s.b.i.VaadinServletConfiguration     : Set servlet init parameter [productionMode] = [false]
2016-04-27 16:09:20.631  INFO 7564 --- [localhost-startStop-1] c.v.s.b.i.VaadinServletConfiguration     : Set servlet init parameter [resourceCacheTime] = [3600]
2016-04-27 16:09:20.631  INFO 7564 --- [localhost-startStop-1] c.v.s.b.i.VaadinServletConfiguration     : Set servlet init parameter [heartbeatInterval] = [300]
2016-04-27 16:09:20.632  INFO 7564 --- [localhost-startStop-1] c.v.s.b.i.VaadinServletConfiguration     : Set servlet init parameter [closeIdleSessions] = [false]
2016-04-27 16:09:21.170  INFO 7564 --- [localhost-startStop-1] o.s.b.c.e.ServletRegistrationBean        : Mapping servlet: 'dispatcherServlet' to [/]
2016-04-27 16:09:21.173  INFO 7564 --- [localhost-startStop-1] o.s.b.c.e.ServletRegistrationBean        : Mapping servlet: 'springVaadinServlet' to [/vaadinServlet/*, /VAADIN/*]
2016-04-27 16:09:21.178  INFO 7564 --- [localhost-startStop-1] o.s.b.c.embedded.FilterRegistrationBean  : Mapping filter: 'characterEncodingFilter' to: [/*]
2016-04-27 16:09:21.179  INFO 7564 --- [localhost-startStop-1] o.s.b.c.embedded.FilterRegistrationBean  : Mapping filter: 'hiddenHttpMethodFilter' to: [/*]
2016-04-27 16:09:21.179  INFO 7564 --- [localhost-startStop-1] o.s.b.c.embedded.FilterRegistrationBean  : Mapping filter: 'httpPutFormContentFilter' to: [/*]
2016-04-27 16:09:21.179  INFO 7564 --- [localhost-startStop-1] o.s.b.c.embedded.FilterRegistrationBean  : Mapping filter: 'requestContextFilter' to: [/*]
2016-04-27 16:09:22.624  INFO 7564 --- [restartedMain] j.LocalContainerEntityManagerFactoryBean : Building JPA container EntityManagerFactory for persistence unit 'default'
2016-04-27 16:09:22.644  INFO 7564 --- [restartedMain] o.hibernate.jpa.internal.util.LogHelper  : HHH000204: Processing PersistenceUnitInfo [
	name: default
	...]
2016-04-27 16:09:22.824  INFO 7564 --- [restartedMain] org.hibernate.Version                    : HHH000412: Hibernate Core {4.3.11.Final}
2016-04-27 16:09:22.824  INFO 7564 --- [restartedMain] org.hibernate.cfg.Environment            : HHH000206: hibernate.properties not found
2016-04-27 16:09:22.839  INFO 7564 --- [restartedMain] org.hibernate.cfg.Environment            : HHH000021: Bytecode provider name : javassist
2016-04-27 16:09:23.240  INFO 7564 --- [restartedMain] o.hibernate.annotations.common.Version   : HCANN000001: Hibernate Commons Annotations {4.0.5.Final}
2016-04-27 16:09:23.750  INFO 7564 --- [restartedMain] org.hibernate.dialect.Dialect            : HHH000400: Using dialect: org.hibernate.dialect.MySQL5Dialect
2016-04-27 16:09:24.229  INFO 7564 --- [restartedMain] o.h.h.i.ast.ASTQueryTranslatorFactory    : HHH000397: Using ASTQueryTranslatorFactory
2016-04-27 16:09:26.677  INFO 7564 --- [restartedMain] s.w.s.m.m.a.RequestMappingHandlerAdapter : Looking for @ControllerAdvice: org.springframework.boot.context.embedded.AnnotationConfigEmbeddedWebApplicationContext@7735edaf: startup date [Wed Apr 27 16:09:13 CEST 2016]; root of context hierarchy
2016-04-27 16:09:26.878  INFO 7564 --- [restartedMain] s.w.s.m.m.a.RequestMappingHandlerMapping : Mapped "{[/error]}" onto public org.springframework.http.ResponseEntity<java.util.Map<java.lang.String, java.lang.Object>> org.springframework.boot.autoconfigure.web.BasicErrorController.error(javax.servlet.http.HttpServletRequest)
2016-04-27 16:09:26.890  INFO 7564 --- [restartedMain] s.w.s.m.m.a.RequestMappingHandlerMapping : Mapped "{[/error],produces=[text/html]}" onto public org.springframework.web.servlet.ModelAndView org.springframework.boot.autoconfigure.web.BasicErrorController.errorHtml(javax.servlet.http.HttpServletRequest,javax.servlet.http.HttpServletResponse)
2016-04-27 16:09:26.972  INFO 7564 --- [restartedMain] o.s.w.s.handler.SimpleUrlHandlerMapping  : Mapped URL path [/webjars/**] onto handler of type [class org.springframework.web.servlet.resource.ResourceHttpRequestHandler]
2016-04-27 16:09:26.972  INFO 7564 --- [restartedMain] o.s.w.s.handler.SimpleUrlHandlerMapping  : Mapped URL path [/**] onto handler of type [class org.springframework.web.servlet.resource.ResourceHttpRequestHandler]
2016-04-27 16:09:27.095  INFO 7564 --- [restartedMain] o.s.w.s.handler.SimpleUrlHandlerMapping  : Mapped URL path [/**/favicon.ico] onto handler of type [class org.springframework.web.servlet.resource.ResourceHttpRequestHandler]
2016-04-27 16:09:27.165  INFO 7564 --- [restartedMain] c.v.s.b.i.VaadinServletConfiguration     : Checking the application context for Vaadin UI mappings
2016-04-27 16:09:27.173  INFO 7564 --- [restartedMain] c.v.s.b.i.VaadinServletConfiguration     : Registering Vaadin servlet of type [com.vaadin.spring.server.SpringVaadinServlet]
2016-04-27 16:09:27.187  INFO 7564 --- [restartedMain] c.v.s.b.i.VaadinServletConfiguration     : Forwarding @SpringUI URLs from {/=org.springframework.web.servlet.mvc.ServletForwardingController@1647cb2f}
2016-04-27 16:09:27.189  INFO 7564 --- [restartedMain] o.s.w.s.handler.SimpleUrlHandlerMapping  : Root mapping to handler of type [class org.springframework.web.servlet.mvc.ServletForwardingController]
2016-04-27 16:09:27.209  INFO 7564 --- [restartedMain] c.v.spring.navigator.SpringViewProvider  : Looking up SpringViews
2016-04-27 16:09:27.215  WARN 7564 --- [restartedMain] c.v.spring.navigator.SpringViewProvider  : No SpringViews found
2016-04-27 16:09:27.727  INFO 7564 --- [restartedMain] o.s.b.d.a.OptionalLiveReloadServer       : LiveReload server is running on port 35729
2016-04-27 16:09:27.913  INFO 7564 --- [restartedMain] o.s.j.e.a.AnnotationMBeanExporter        : Registering beans for JMX exposure on startup
2016-04-27 16:09:28.171  INFO 7564 --- [restartedMain] s.b.c.e.t.TomcatEmbeddedServletContainer : Tomcat started on port(s): 9001 (http)
2016-04-27 16:09:28.184  INFO 7564 --- [restartedMain] com.wacajou.WacajouApplication           : Started WacajouApplication in 17.264 seconds (JVM running for 19.384)
2016-04-27 16:10:11.747  INFO 7564 --- [Thread-9] ationConfigEmbeddedWebApplicationContext : Closing org.springframework.boot.context.embedded.AnnotationConfigEmbeddedWebApplicationContext@7735edaf: startup date [Wed Apr 27 16:09:13 CEST 2016]; root of context hierarchy
2016-04-27 16:10:11.789  INFO 7564 --- [Thread-9] o.s.j.e.a.AnnotationMBeanExporter        : Unregistering JMX-exposed beans on shutdown
2016-04-27 16:10:11.816  INFO 7564 --- [Thread-9] j.LocalContainerEntityManagerFactoryBean : Closing JPA EntityManagerFactory for persistence unit 'default'
2016-04-27 18:43:55.517  INFO 5508 --- [restartedMain] com.wacajou.WacajouApplication           : Starting WacajouApplication on DESKTOP-PAYRAUDEAU with PID 5508 (C:\Users\ISEP\git\Wacajou\master\com\target\classes started by ISEP in C:\Users\ISEP\git\Wacajou\master\com)
2016-04-27 18:43:55.542  INFO 5508 --- [restartedMain] com.wacajou.WacajouApplication           : The following profiles are active: dev,dblocal
2016-04-27 18:43:55.810  INFO 5508 --- [restartedMain] ationConfigEmbeddedWebApplicationContext : Refreshing org.springframework.boot.context.embedded.AnnotationConfigEmbeddedWebApplicationContext@15b477e9: startup date [Wed Apr 27 18:43:55 CEST 2016]; root of context hierarchy
2016-04-27 18:44:03.124  INFO 5508 --- [restartedMain] o.s.b.f.s.DefaultListableBeanFactory     : Overriding bean definition for bean 'beanNameViewResolver' with a different definition: replacing [Root bean: class [null]; scope=; abstract=false; lazyInit=false; autowireMode=3; dependencyCheck=0; autowireCandidate=true; primary=false; factoryBeanName=org.springframework.boot.autoconfigure.web.ErrorMvcAutoConfiguration$WhitelabelErrorViewConfiguration; factoryMethodName=beanNameViewResolver; initMethodName=null; destroyMethodName=(inferred); defined in class path resource [org/springframework/boot/autoconfigure/web/ErrorMvcAutoConfiguration$WhitelabelErrorViewConfiguration.class]] with [Root bean: class [null]; scope=; abstract=false; lazyInit=false; autowireMode=3; dependencyCheck=0; autowireCandidate=true; primary=false; factoryBeanName=org.springframework.boot.autoconfigure.web.WebMvcAutoConfiguration$WebMvcAutoConfigurationAdapter; factoryMethodName=beanNameViewResolver; initMethodName=null; destroyMethodName=(inferred); defined in class path resource [org/springframework/boot/autoconfigure/web/WebMvcAutoConfiguration$WebMvcAutoConfigurationAdapter.class]]
2016-04-27 18:44:05.300  INFO 5508 --- [restartedMain] trationDelegate$BeanPostProcessorChecker : Bean 'org.springframework.transaction.annotation.ProxyTransactionManagementConfiguration' of type [class org.springframework.transaction.annotation.ProxyTransactionManagementConfiguration$$EnhancerBySpringCGLIB$$1693f14e] is not eligible for getting processed by all BeanPostProcessors (for example: not eligible for auto-proxying)
2016-04-27 18:44:10.510  INFO 5508 --- [restartedMain] s.b.c.e.t.TomcatEmbeddedServletContainer : Tomcat initialized with port(s): 9001 (http)
2016-04-27 18:44:10.736  INFO 5508 --- [restartedMain] o.apache.catalina.core.StandardService   : Starting service Tomcat
2016-04-27 18:44:10.749  INFO 5508 --- [restartedMain] org.apache.catalina.core.StandardEngine  : Starting Servlet Engine: Apache Tomcat/8.0.32
2016-04-27 18:44:11.433  INFO 5508 --- [localhost-startStop-1] o.a.c.c.C.[Tomcat].[localhost].[/]       : Initializing Spring embedded WebApplicationContext
2016-04-27 18:44:11.433  INFO 5508 --- [localhost-startStop-1] o.s.web.context.ContextLoader            : Root WebApplicationContext: initialization completed in 15654 ms
2016-04-27 18:44:11.983  INFO 5508 --- [localhost-startStop-1] c.v.s.b.i.VaadinServletConfiguration     : Registering Vaadin servlet
2016-04-27 18:44:11.984  INFO 5508 --- [localhost-startStop-1] c.v.s.b.i.VaadinServletConfiguration     : Servlet will be mapped to URLs [/vaadinServlet/*, /VAADIN/*]
2016-04-27 18:44:12.084  INFO 5508 --- [localhost-startStop-1] c.v.s.b.i.VaadinServletConfiguration     : Setting servlet init parameters
2016-04-27 18:44:12.090  INFO 5508 --- [localhost-startStop-1] c.v.s.b.i.VaadinServletConfiguration     : Set servlet init parameter [productionMode] = [false]
2016-04-27 18:44:12.093  INFO 5508 --- [localhost-startStop-1] c.v.s.b.i.VaadinServletConfiguration     : Set servlet init parameter [resourceCacheTime] = [3600]
2016-04-27 18:44:12.096  INFO 5508 --- [localhost-startStop-1] c.v.s.b.i.VaadinServletConfiguration     : Set servlet init parameter [heartbeatInterval] = [300]
2016-04-27 18:44:12.098  INFO 5508 --- [localhost-startStop-1] c.v.s.b.i.VaadinServletConfiguration     : Set servlet init parameter [closeIdleSessions] = [false]
2016-04-27 18:44:13.317  INFO 5508 --- [localhost-startStop-1] o.s.b.c.e.ServletRegistrationBean        : Mapping servlet: 'dispatcherServlet' to [/]
2016-04-27 18:44:13.325  INFO 5508 --- [localhost-startStop-1] o.s.b.c.e.ServletRegistrationBean        : Mapping servlet: 'springVaadinServlet' to [/vaadinServlet/*, /VAADIN/*]
2016-04-27 18:44:13.325  INFO 5508 --- [localhost-startStop-1] o.s.b.c.embedded.FilterRegistrationBean  : Mapping filter: 'characterEncodingFilter' to: [/*]
2016-04-27 18:44:13.341  INFO 5508 --- [localhost-startStop-1] o.s.b.c.embedded.FilterRegistrationBean  : Mapping filter: 'hiddenHttpMethodFilter' to: [/*]
2016-04-27 18:44:13.341  INFO 5508 --- [localhost-startStop-1] o.s.b.c.embedded.FilterRegistrationBean  : Mapping filter: 'httpPutFormContentFilter' to: [/*]
2016-04-27 18:44:13.341  INFO 5508 --- [localhost-startStop-1] o.s.b.c.embedded.FilterRegistrationBean  : Mapping filter: 'requestContextFilter' to: [/*]
2016-04-27 18:44:16.870  INFO 5508 --- [restartedMain] j.LocalContainerEntityManagerFactoryBean : Building JPA container EntityManagerFactory for persistence unit 'default'
2016-04-27 18:44:16.981  INFO 5508 --- [restartedMain] o.hibernate.jpa.internal.util.LogHelper  : HHH000204: Processing PersistenceUnitInfo [
	name: default
	...]
2016-04-27 18:44:17.406  INFO 5508 --- [restartedMain] org.hibernate.Version                    : HHH000412: Hibernate Core {4.3.11.Final}
2016-04-27 18:44:17.412  INFO 5508 --- [restartedMain] org.hibernate.cfg.Environment            : HHH000206: hibernate.properties not found
2016-04-27 18:44:17.416  INFO 5508 --- [restartedMain] org.hibernate.cfg.Environment            : HHH000021: Bytecode provider name : javassist
2016-04-27 18:44:18.479  INFO 5508 --- [restartedMain] o.hibernate.annotations.common.Version   : HCANN000001: Hibernate Commons Annotations {4.0.5.Final}
2016-04-27 18:44:19.469  INFO 5508 --- [restartedMain] org.hibernate.dialect.Dialect            : HHH000400: Using dialect: org.hibernate.dialect.MySQL5Dialect
2016-04-27 18:44:20.695  INFO 5508 --- [restartedMain] o.h.h.i.ast.ASTQueryTranslatorFactory    : HHH000397: Using ASTQueryTranslatorFactory
2016-04-27 18:44:26.465  INFO 5508 --- [restartedMain] s.w.s.m.m.a.RequestMappingHandlerAdapter : Looking for @ControllerAdvice: org.springframework.boot.context.embedded.AnnotationConfigEmbeddedWebApplicationContext@15b477e9: startup date [Wed Apr 27 18:43:55 CEST 2016]; root of context hierarchy
2016-04-27 18:44:29.978  INFO 5508 --- [restartedMain] s.w.s.m.m.a.RequestMappingHandlerMapping : Mapped "{[/error]}" onto public org.springframework.http.ResponseEntity<java.util.Map<java.lang.String, java.lang.Object>> org.springframework.boot.autoconfigure.web.BasicErrorController.error(javax.servlet.http.HttpServletRequest)
2016-04-27 18:44:29.990  INFO 5508 --- [restartedMain] s.w.s.m.m.a.RequestMappingHandlerMapping : Mapped "{[/error],produces=[text/html]}" onto public org.springframework.web.servlet.ModelAndView org.springframework.boot.autoconfigure.web.BasicErrorController.errorHtml(javax.servlet.http.HttpServletRequest,javax.servlet.http.HttpServletResponse)
2016-04-27 18:44:30.582  INFO 5508 --- [restartedMain] o.s.w.s.handler.SimpleUrlHandlerMapping  : Mapped URL path [/webjars/**] onto handler of type [class org.springframework.web.servlet.resource.ResourceHttpRequestHandler]
2016-04-27 18:44:30.583  INFO 5508 --- [restartedMain] o.s.w.s.handler.SimpleUrlHandlerMapping  : Mapped URL path [/**] onto handler of type [class org.springframework.web.servlet.resource.ResourceHttpRequestHandler]
2016-04-27 18:44:31.474  INFO 5508 --- [restartedMain] o.s.w.s.handler.SimpleUrlHandlerMapping  : Mapped URL path [/**/favicon.ico] onto handler of type [class org.springframework.web.servlet.resource.ResourceHttpRequestHandler]
2016-04-27 18:44:31.654  INFO 5508 --- [restartedMain] c.v.s.b.i.VaadinServletConfiguration     : Checking the application context for Vaadin UI mappings
2016-04-27 18:44:31.686  INFO 5508 --- [restartedMain] c.v.s.b.i.VaadinServletConfiguration     : Registering Vaadin servlet of type [com.vaadin.spring.server.SpringVaadinServlet]
2016-04-27 18:44:31.748  INFO 5508 --- [restartedMain] c.v.s.b.i.VaadinServletConfiguration     : Forwarding @SpringUI URLs from {/=org.springframework.web.servlet.mvc.ServletForwardingController@227a670d}
2016-04-27 18:44:31.778  INFO 5508 --- [restartedMain] o.s.w.s.handler.SimpleUrlHandlerMapping  : Root mapping to handler of type [class org.springframework.web.servlet.mvc.ServletForwardingController]
2016-04-27 18:44:31.851  INFO 5508 --- [restartedMain] c.v.spring.navigator.SpringViewProvider  : Looking up SpringViews
2016-04-27 18:44:31.870  WARN 5508 --- [restartedMain] c.v.spring.navigator.SpringViewProvider  : No SpringViews found
2016-04-27 18:44:33.885  INFO 5508 --- [restartedMain] o.s.b.d.a.OptionalLiveReloadServer       : LiveReload server is running on port 35729
2016-04-27 18:44:35.918  INFO 5508 --- [restartedMain] o.s.j.e.a.AnnotationMBeanExporter        : Registering beans for JMX exposure on startup
2016-04-27 18:44:36.941  INFO 5508 --- [restartedMain] s.b.c.e.t.TomcatEmbeddedServletContainer : Tomcat started on port(s): 9001 (http)
2016-04-27 18:44:36.980  INFO 5508 --- [restartedMain] com.wacajou.WacajouApplication           : Started WacajouApplication in 43.8 seconds (JVM running for 46.045)
2016-04-27 18:46:48.660  INFO 5508 --- [Thread-9] ationConfigEmbeddedWebApplicationContext : Closing org.springframework.boot.context.embedded.AnnotationConfigEmbeddedWebApplicationContext@15b477e9: startup date [Wed Apr 27 18:43:55 CEST 2016]; root of context hierarchy
2016-04-27 18:46:48.682  INFO 5508 --- [Thread-9] o.s.j.e.a.AnnotationMBeanExporter        : Unregistering JMX-exposed beans on shutdown
2016-04-27 18:46:48.698  INFO 5508 --- [Thread-9] j.LocalContainerEntityManagerFactoryBean : Closing JPA EntityManagerFactory for persistence unit 'default'
