2016-04-30 18:08:18.663  INFO 5900 --- [restartedMain] com.wacajou.WacajouApplication           : Starting WacajouApplication on X-Strike-PC with PID 5900 (C:\Users\X-Strike\git\Wacajou\master\com\target\classes started by X-Strike in C:\Users\X-Strike\git\Wacajou\master\com)
2016-04-30 18:08:18.671  INFO 5900 --- [restartedMain] com.wacajou.WacajouApplication           : The following profiles are active: dblocal,one,dev
2016-04-30 18:08:18.754  INFO 5900 --- [restartedMain] ationConfigEmbeddedWebApplicationContext : Refreshing org.springframework.boot.context.embedded.AnnotationConfigEmbeddedWebApplicationContext@78044527: startup date [Sat Apr 30 18:08:18 CEST 2016]; root of context hierarchy
2016-04-30 18:08:22.042  INFO 5900 --- [restartedMain] o.s.b.f.s.DefaultListableBeanFactory     : Overriding bean definition for bean 'beanNameViewResolver' with a different definition: replacing [Root bean: class [null]; scope=; abstract=false; lazyInit=false; autowireMode=3; dependencyCheck=0; autowireCandidate=true; primary=false; factoryBeanName=org.springframework.boot.autoconfigure.web.ErrorMvcAutoConfiguration$WhitelabelErrorViewConfiguration; factoryMethodName=beanNameViewResolver; initMethodName=null; destroyMethodName=(inferred); defined in class path resource [org/springframework/boot/autoconfigure/web/ErrorMvcAutoConfiguration$WhitelabelErrorViewConfiguration.class]] with [Root bean: class [null]; scope=; abstract=false; lazyInit=false; autowireMode=3; dependencyCheck=0; autowireCandidate=true; primary=false; factoryBeanName=org.springframework.boot.autoconfigure.web.WebMvcAutoConfiguration$WebMvcAutoConfigurationAdapter; factoryMethodName=beanNameViewResolver; initMethodName=null; destroyMethodName=(inferred); defined in class path resource [org/springframework/boot/autoconfigure/web/WebMvcAutoConfiguration$WebMvcAutoConfigurationAdapter.class]]
2016-04-30 18:08:23.122  INFO 5900 --- [restartedMain] trationDelegate$BeanPostProcessorChecker : Bean 'org.springframework.transaction.annotation.ProxyTransactionManagementConfiguration' of type [class org.springframework.transaction.annotation.ProxyTransactionManagementConfiguration$$EnhancerBySpringCGLIB$$914ffbfb] is not eligible for getting processed by all BeanPostProcessors (for example: not eligible for auto-proxying)
2016-04-30 18:08:23.950  INFO 5900 --- [restartedMain] s.b.c.e.t.TomcatEmbeddedServletContainer : Tomcat initialized with port(s): 9001 (http)
2016-04-30 18:08:23.977  INFO 5900 --- [restartedMain] o.apache.catalina.core.StandardService   : Starting service Tomcat
2016-04-30 18:08:23.978  INFO 5900 --- [restartedMain] org.apache.catalina.core.StandardEngine  : Starting Servlet Engine: Apache Tomcat/8.0.32
2016-04-30 18:08:24.161  INFO 5900 --- [localhost-startStop-1] o.a.c.c.C.[Tomcat].[localhost].[/]       : Initializing Spring embedded WebApplicationContext
2016-04-30 18:08:24.162  INFO 5900 --- [localhost-startStop-1] o.s.web.context.ContextLoader            : Root WebApplicationContext: initialization completed in 5412 ms
2016-04-30 18:08:24.310  INFO 5900 --- [localhost-startStop-1] c.v.s.b.i.VaadinServletConfiguration     : Registering Vaadin servlet
2016-04-30 18:08:24.310  INFO 5900 --- [localhost-startStop-1] c.v.s.b.i.VaadinServletConfiguration     : Servlet will be mapped to URLs [/vaadinServlet/*, /VAADIN/*]
2016-04-30 18:08:24.339  INFO 5900 --- [localhost-startStop-1] c.v.s.b.i.VaadinServletConfiguration     : Setting servlet init parameters
2016-04-30 18:08:24.339  INFO 5900 --- [localhost-startStop-1] c.v.s.b.i.VaadinServletConfiguration     : Set servlet init parameter [productionMode] = [false]
2016-04-30 18:08:24.340  INFO 5900 --- [localhost-startStop-1] c.v.s.b.i.VaadinServletConfiguration     : Set servlet init parameter [resourceCacheTime] = [3600]
2016-04-30 18:08:24.340  INFO 5900 --- [localhost-startStop-1] c.v.s.b.i.VaadinServletConfiguration     : Set servlet init parameter [heartbeatInterval] = [300]
2016-04-30 18:08:24.340  INFO 5900 --- [localhost-startStop-1] c.v.s.b.i.VaadinServletConfiguration     : Set servlet init parameter [closeIdleSessions] = [false]
2016-04-30 18:08:24.773  INFO 5900 --- [localhost-startStop-1] o.s.b.c.e.ServletRegistrationBean        : Mapping servlet: 'dispatcherServlet' to [/]
2016-04-30 18:08:24.779  INFO 5900 --- [localhost-startStop-1] o.s.b.c.e.ServletRegistrationBean        : Mapping servlet: 'springVaadinServlet' to [/vaadinServlet/*, /VAADIN/*]
2016-04-30 18:08:24.784  INFO 5900 --- [localhost-startStop-1] o.s.b.c.embedded.FilterRegistrationBean  : Mapping filter: 'characterEncodingFilter' to: [/*]
2016-04-30 18:08:24.784  INFO 5900 --- [localhost-startStop-1] o.s.b.c.embedded.FilterRegistrationBean  : Mapping filter: 'hiddenHttpMethodFilter' to: [/*]
2016-04-30 18:08:24.785  INFO 5900 --- [localhost-startStop-1] o.s.b.c.embedded.FilterRegistrationBean  : Mapping filter: 'httpPutFormContentFilter' to: [/*]
2016-04-30 18:08:24.785  INFO 5900 --- [localhost-startStop-1] o.s.b.c.embedded.FilterRegistrationBean  : Mapping filter: 'requestContextFilter' to: [/*]
2016-04-30 18:08:25.697  INFO 5900 --- [restartedMain] j.LocalContainerEntityManagerFactoryBean : Building JPA container EntityManagerFactory for persistence unit 'default'
2016-04-30 18:08:25.741  INFO 5900 --- [restartedMain] o.hibernate.jpa.internal.util.LogHelper  : HHH000204: Processing PersistenceUnitInfo [
	name: default
	...]
2016-04-30 18:08:25.883  INFO 5900 --- [restartedMain] org.hibernate.Version                    : HHH000412: Hibernate Core {4.3.11.Final}
2016-04-30 18:08:25.888  INFO 5900 --- [restartedMain] org.hibernate.cfg.Environment            : HHH000206: hibernate.properties not found
2016-04-30 18:08:25.890  INFO 5900 --- [restartedMain] org.hibernate.cfg.Environment            : HHH000021: Bytecode provider name : javassist
2016-04-30 18:08:26.285  INFO 5900 --- [restartedMain] o.hibernate.annotations.common.Version   : HCANN000001: Hibernate Commons Annotations {4.0.5.Final}
2016-04-30 18:08:26.584  INFO 5900 --- [restartedMain] org.hibernate.dialect.Dialect            : HHH000400: Using dialect: org.hibernate.dialect.MySQL5Dialect
2016-04-30 18:08:26.946  INFO 5900 --- [restartedMain] o.h.h.i.ast.ASTQueryTranslatorFactory    : HHH000397: Using ASTQueryTranslatorFactory
2016-04-30 18:08:28.841  INFO 5900 --- [restartedMain] s.w.s.m.m.a.RequestMappingHandlerAdapter : Looking for @ControllerAdvice: org.springframework.boot.context.embedded.AnnotationConfigEmbeddedWebApplicationContext@78044527: startup date [Sat Apr 30 18:08:18 CEST 2016]; root of context hierarchy
2016-04-30 18:08:28.949  INFO 5900 --- [restartedMain] s.w.s.m.m.a.RequestMappingHandlerMapping : Mapped "{[/error]}" onto public org.springframework.http.ResponseEntity<java.util.Map<java.lang.String, java.lang.Object>> org.springframework.boot.autoconfigure.web.BasicErrorController.error(javax.servlet.http.HttpServletRequest)
2016-04-30 18:08:28.952  INFO 5900 --- [restartedMain] s.w.s.m.m.a.RequestMappingHandlerMapping : Mapped "{[/error],produces=[text/html]}" onto public org.springframework.web.servlet.ModelAndView org.springframework.boot.autoconfigure.web.BasicErrorController.errorHtml(javax.servlet.http.HttpServletRequest,javax.servlet.http.HttpServletResponse)
2016-04-30 18:08:29.011  INFO 5900 --- [restartedMain] o.s.w.s.handler.SimpleUrlHandlerMapping  : Mapped URL path [/webjars/**] onto handler of type [class org.springframework.web.servlet.resource.ResourceHttpRequestHandler]
2016-04-30 18:08:29.012  INFO 5900 --- [restartedMain] o.s.w.s.handler.SimpleUrlHandlerMapping  : Mapped URL path [/**] onto handler of type [class org.springframework.web.servlet.resource.ResourceHttpRequestHandler]
2016-04-30 18:08:29.082  INFO 5900 --- [restartedMain] o.s.w.s.handler.SimpleUrlHandlerMapping  : Mapped URL path [/**/favicon.ico] onto handler of type [class org.springframework.web.servlet.resource.ResourceHttpRequestHandler]
2016-04-30 18:08:29.106  INFO 5900 --- [restartedMain] c.v.s.b.i.VaadinServletConfiguration     : Checking the application context for Vaadin UI mappings
2016-04-30 18:08:29.112  INFO 5900 --- [restartedMain] c.v.s.b.i.VaadinServletConfiguration     : Registering Vaadin servlet of type [com.vaadin.spring.server.SpringVaadinServlet]
2016-04-30 18:08:29.129  INFO 5900 --- [restartedMain] c.v.s.b.i.VaadinServletConfiguration     : Forwarding @SpringUI URLs from {/=org.springframework.web.servlet.mvc.ServletForwardingController@69e8ee12}
2016-04-30 18:08:29.130  INFO 5900 --- [restartedMain] o.s.w.s.handler.SimpleUrlHandlerMapping  : Root mapping to handler of type [class org.springframework.web.servlet.mvc.ServletForwardingController]
2016-04-30 18:08:29.155  INFO 5900 --- [restartedMain] c.v.spring.navigator.SpringViewProvider  : Looking up SpringViews
2016-04-30 18:08:29.160  WARN 5900 --- [restartedMain] c.v.spring.navigator.SpringViewProvider  : No SpringViews found
2016-04-30 18:08:29.596  INFO 5900 --- [restartedMain] o.s.b.d.a.OptionalLiveReloadServer       : LiveReload server is running on port 35729
2016-04-30 18:08:29.795  INFO 5900 --- [restartedMain] o.s.j.e.a.AnnotationMBeanExporter        : Registering beans for JMX exposure on startup
2016-04-30 18:08:30.003  INFO 5900 --- [restartedMain] s.b.c.e.t.TomcatEmbeddedServletContainer : Tomcat started on port(s): 9001 (http)
2016-04-30 18:08:30.009  INFO 5900 --- [restartedMain] com.wacajou.WacajouApplication           : Started WacajouApplication in 12.189 seconds (JVM running for 12.925)
